{"/home/travis/build/npmtest/node-npmtest-pkgcloud/test.js":{"path":"/home/travis/build/npmtest/node-npmtest-pkgcloud/test.js","s":{"1":2,"2":2,"3":2,"4":2,"5":2,"6":2,"7":2,"8":1,"9":2,"10":2,"11":1,"12":1,"13":1,"14":1,"15":2,"16":2,"17":2,"18":2,"19":1,"20":1,"21":2,"22":2,"23":2,"24":1,"25":1,"26":1,"27":1,"28":1,"29":1,"30":1,"31":1,"32":1,"33":1,"34":1,"35":1,"36":1,"37":1,"38":1,"39":2,"40":2,"41":1,"42":2,"43":2,"44":1,"45":2,"46":2,"47":1,"48":2,"49":2,"50":1,"51":1,"52":1,"53":1,"54":1},"b":{"1":[2,1,1,1],"2":[1,1,1,1],"3":[1,1],"4":[1,1],"5":[1,1],"6":[1,1],"7":[1,1],"8":[1,1],"9":[1,1],"10":[1,1,1],"11":[1,1],"12":[1,1],"13":[1,1],"14":[1,1],"15":[1,1],"16":[1,1],"17":[1,1]},"f":{"1":2,"2":2,"3":2,"4":2,"5":2,"6":1,"7":1,"8":1,"9":2,"10":2,"11":2,"12":2,"13":1},"fnMap":{"1":{"name":"(anonymous_1)","line":12,"loc":{"start":{"line":12,"column":1},"end":{"line":12,"column":13}}},"2":{"name":"(anonymous_2)","line":19,"loc":{"start":{"line":19,"column":5},"end":{"line":19,"column":17}}},"3":{"name":"(anonymous_3)","line":23,"loc":{"start":{"line":23,"column":24},"end":{"line":23,"column":36}}},"4":{"name":"(anonymous_4)","line":61,"loc":{"start":{"line":61,"column":5},"end":{"line":61,"column":17}}},"5":{"name":"(anonymous_5)","line":82,"loc":{"start":{"line":82,"column":5},"end":{"line":82,"column":17}}},"6":{"name":"(anonymous_6)","line":91,"loc":{"start":{"line":91,"column":77},"end":{"line":94,"column":10}}},"7":{"name":"(anonymous_7)","line":112,"loc":{"start":{"line":112,"column":83},"end":{"line":115,"column":10}},"skip":true},"8":{"name":"(anonymous_8)","line":123,"loc":{"start":{"line":123,"column":77},"end":{"line":126,"column":10}},"skip":true},"9":{"name":"(anonymous_9)","line":139,"loc":{"start":{"line":139,"column":12},"end":{"line":139,"column":40}},"skip":true},"10":{"name":"(anonymous_10)","line":147,"loc":{"start":{"line":147,"column":77},"end":{"line":150,"column":10}},"skip":true},"11":{"name":"(anonymous_11)","line":158,"loc":{"start":{"line":158,"column":83},"end":{"line":161,"column":10}},"skip":true},"12":{"name":"(anonymous_12)","line":169,"loc":{"start":{"line":169,"column":79},"end":{"line":172,"column":10}},"skip":true},"13":{"name":"(anonymous_13)","line":180,"loc":{"start":{"line":180,"column":75},"end":{"line":183,"column":10}},"skip":true}},"statementMap":{"1":{"start":{"line":12,"column":0},"end":{"line":195,"column":5}},"2":{"start":{"line":14,"column":4},"end":{"line":14,"column":14}},"3":{"start":{"line":19,"column":4},"end":{"line":56,"column":9}},"4":{"start":{"line":21,"column":8},"end":{"line":21,"column":19}},"5":{"start":{"line":23,"column":8},"end":{"line":35,"column":13}},"6":{"start":{"line":24,"column":12},"end":{"line":34,"column":13}},"7":{"start":{"line":25,"column":16},"end":{"line":28,"column":30}},"8":{"start":{"line":30,"column":16},"end":{"line":33,"column":27}},"9":{"start":{"line":37,"column":8},"end":{"line":39,"column":21}},"10":{"start":{"line":40,"column":8},"end":{"line":53,"column":9}},"11":{"start":{"line":43,"column":12},"end":{"line":46,"column":14}},"12":{"start":{"line":47,"column":12},"end":{"line":47,"column":18}},"13":{"start":{"line":50,"column":12},"end":{"line":51,"column":46}},"14":{"start":{"line":52,"column":12},"end":{"line":52,"column":18}},"15":{"start":{"line":55,"column":8},"end":{"line":55,"column":35}},"16":{"start":{"line":61,"column":4},"end":{"line":63,"column":9}},"17":{"start":{"line":62,"column":8},"end":{"line":62,"column":15}},"18":{"start":{"line":64,"column":4},"end":{"line":77,"column":5}},"19":{"start":{"line":70,"column":8},"end":{"line":70,"column":14}},"20":{"start":{"line":76,"column":8},"end":{"line":76,"column":14}},"21":{"start":{"line":82,"column":4},"end":{"line":84,"column":9}},"22":{"start":{"line":83,"column":8},"end":{"line":83,"column":15}},"23":{"start":{"line":85,"column":4},"end":{"line":194,"column":5}},"24":{"start":{"line":91,"column":8},"end":{"line":99,"column":10}},"25":{"start":{"line":98,"column":12},"end":{"line":98,"column":35}},"26":{"start":{"line":102,"column":8},"end":{"line":104,"column":63}},"27":{"start":{"line":105,"column":8},"end":{"line":105,"column":14}},"28":{"start":{"line":112,"column":8},"end":{"line":121,"column":10},"skip":true},"29":{"start":{"line":119,"column":12},"end":{"line":119,"column":55},"skip":true},"30":{"start":{"line":120,"column":12},"end":{"line":120,"column":48},"skip":true},"31":{"start":{"line":123,"column":8},"end":{"line":136,"column":10},"skip":true},"32":{"start":{"line":130,"column":12},"end":{"line":130,"column":76},"skip":true},"33":{"start":{"line":131,"column":12},"end":{"line":131,"column":73},"skip":true},"34":{"start":{"line":132,"column":12},"end":{"line":132,"column":74},"skip":true},"35":{"start":{"line":133,"column":12},"end":{"line":133,"column":79},"skip":true},"36":{"start":{"line":134,"column":12},"end":{"line":134,"column":25},"skip":true},"37":{"start":{"line":135,"column":12},"end":{"line":135,"column":45},"skip":true},"38":{"start":{"line":138,"column":8},"end":{"line":145,"column":14},"skip":true},"39":{"start":{"line":143,"column":16},"end":{"line":143,"column":29},"skip":true},"40":{"start":{"line":144,"column":16},"end":{"line":144,"column":55},"skip":true},"41":{"start":{"line":147,"column":8},"end":{"line":156,"column":10},"skip":true},"42":{"start":{"line":154,"column":12},"end":{"line":154,"column":25},"skip":true},"43":{"start":{"line":155,"column":12},"end":{"line":155,"column":45},"skip":true},"44":{"start":{"line":158,"column":8},"end":{"line":167,"column":10},"skip":true},"45":{"start":{"line":165,"column":12},"end":{"line":165,"column":25},"skip":true},"46":{"start":{"line":166,"column":12},"end":{"line":166,"column":48},"skip":true},"47":{"start":{"line":169,"column":8},"end":{"line":178,"column":10},"skip":true},"48":{"start":{"line":176,"column":12},"end":{"line":176,"column":25},"skip":true},"49":{"start":{"line":177,"column":12},"end":{"line":177,"column":46},"skip":true},"50":{"start":{"line":180,"column":8},"end":{"line":189,"column":10},"skip":true},"51":{"start":{"line":187,"column":12},"end":{"line":187,"column":94},"skip":true},"52":{"start":{"line":188,"column":12},"end":{"line":188,"column":48},"skip":true},"53":{"start":{"line":192,"column":8},"end":{"line":192,"column":35},"skip":true},"54":{"start":{"line":193,"column":8},"end":{"line":193,"column":14},"skip":true}},"branchMap":{"1":{"line":25,"type":"binary-expr","locations":[{"start":{"line":25,"column":23},"end":{"line":25,"column":62}},{"start":{"line":26,"column":20},"end":{"line":26,"column":70}},{"start":{"line":27,"column":20},"end":{"line":27,"column":71}},{"start":{"line":28,"column":20},"end":{"line":28,"column":29}}]},"2":{"line":30,"type":"binary-expr","locations":[{"start":{"line":30,"column":23},"end":{"line":30,"column":37}},{"start":{"line":31,"column":20},"end":{"line":31,"column":61}},{"start":{"line":32,"column":20},"end":{"line":32,"column":70}},{"start":{"line":33,"column":20},"end":{"line":33,"column":26}}]},"3":{"line":37,"type":"cond-expr","locations":[{"start":{"line":38,"column":14},"end":{"line":38,"column":20}},{"start":{"line":39,"column":14},"end":{"line":39,"column":20}}]},"4":{"line":40,"type":"switch","locations":[{"start":{"line":42,"column":8},"end":{"line":47,"column":18}},{"start":{"line":49,"column":8},"end":{"line":52,"column":18}}]},"5":{"line":44,"type":"binary-expr","locations":[{"start":{"line":44,"column":16},"end":{"line":44,"column":44}},{"start":{"line":44,"column":48},"end":{"line":44,"column":66}}]},"6":{"line":50,"type":"binary-expr","locations":[{"start":{"line":50,"column":21},"end":{"line":50,"column":49}},{"start":{"line":50,"column":53},"end":{"line":50,"column":72}}]},"7":{"line":64,"type":"switch","locations":[{"start":{"line":69,"column":4},"end":{"line":70,"column":14}},{"start":{"line":75,"column":4},"end":{"line":76,"column":14}}]},"8":{"line":85,"type":"switch","locations":[{"start":{"line":90,"column":4},"end":{"line":105,"column":14}},{"start":{"line":111,"column":4},"end":{"line":193,"column":14},"skip":true}]},"9":{"line":91,"type":"binary-expr","locations":[{"start":{"line":91,"column":42},"end":{"line":91,"column":73}},{"start":{"line":91,"column":77},"end":{"line":99,"column":9}}]},"10":{"line":102,"type":"binary-expr","locations":[{"start":{"line":102,"column":18},"end":{"line":102,"column":32}},{"start":{"line":103,"column":12},"end":{"line":103,"column":53}},{"start":{"line":104,"column":12},"end":{"line":104,"column":61}}]},"11":{"line":112,"type":"binary-expr","locations":[{"start":{"line":112,"column":45},"end":{"line":112,"column":79},"skip":true},{"start":{"line":112,"column":83},"end":{"line":121,"column":9},"skip":true}]},"12":{"line":123,"type":"binary-expr","locations":[{"start":{"line":123,"column":42},"end":{"line":123,"column":73},"skip":true},{"start":{"line":123,"column":77},"end":{"line":136,"column":9},"skip":true}]},"13":{"line":138,"type":"binary-expr","locations":[{"start":{"line":138,"column":48},"end":{"line":138,"column":85},"skip":true},{"start":{"line":139,"column":12},"end":{"line":145,"column":13},"skip":true}]},"14":{"line":147,"type":"binary-expr","locations":[{"start":{"line":147,"column":42},"end":{"line":147,"column":73},"skip":true},{"start":{"line":147,"column":77},"end":{"line":156,"column":9},"skip":true}]},"15":{"line":158,"type":"binary-expr","locations":[{"start":{"line":158,"column":45},"end":{"line":158,"column":79},"skip":true},{"start":{"line":158,"column":83},"end":{"line":167,"column":9},"skip":true}]},"16":{"line":169,"type":"binary-expr","locations":[{"start":{"line":169,"column":43},"end":{"line":169,"column":75},"skip":true},{"start":{"line":169,"column":79},"end":{"line":178,"column":9},"skip":true}]},"17":{"line":180,"type":"binary-expr","locations":[{"start":{"line":180,"column":41},"end":{"line":180,"column":71},"skip":true},{"start":{"line":180,"column":75},"end":{"line":189,"column":9},"skip":true}]}},"code":["/* istanbul instrument in package npmtest_pkgcloud */","/*jslint","    bitwise: true,","    browser: true,","    maxerr: 8,","    maxlen: 96,","    node: true,","    nomen: true,","    regexp: true,","    stupid: true","*/","(function () {","    'use strict';","    var local;","","","","    // run shared js-env code - pre-init","    (function () {","        // init local","        local = {};","        // init modeJs","        local.modeJs = (function () {","            try {","                return typeof navigator.userAgent === 'string' &&","                    typeof document.querySelector('body') === 'object' &&","                    typeof XMLHttpRequest.prototype.open === 'function' &&","                    'browser';","            } catch (errorCaughtBrowser) {","                return module.exports &&","                    typeof process.versions.node === 'string' &&","                    typeof require('http').createServer === 'function' &&","                    'node';","            }","        }());","        // init global","        local.global = local.modeJs === 'browser'","            ? window","            : global;","        switch (local.modeJs) {","        // re-init local from window.local","        case 'browser':","            local = local.global.utility2.objectSetDefault(","                local.global.utility2_rollup || local.global.local,","                local.global.utility2","            );","            break;","        // re-init local from example.js","        case 'node':","            local = (local.global.utility2_rollup || require('utility2'))","                .requireExampleJsFromReadme();","            break;","        }","        // export local","        local.global.local = local;","    }());","","","","    // run shared js-env code - function","    (function () {","        return;","    }());","    switch (local.modeJs) {","","","","    // run browser js-env code - function","    case 'browser':","        break;","","","","    // run node js-env code - function","    case 'node':","        break;","    }","","","","    // run shared js-env code - post-init","    (function () {","        return;","    }());","    switch (local.modeJs) {","","","","    // run browser js-env code - post-init","    case 'browser':","        local.testCase_browser_nullCase = local.testCase_browser_nullCase || function (","            options,","            onError","        ) {","        /*","         * this function will test browsers's null-case handling-behavior-behavior","         */","            onError(null, options);","        };","","        // run tests","        local.nop(local.modeTest &&","            document.querySelector('#testRunButton1') &&","            document.querySelector('#testRunButton1').click());","        break;","","","","    // run node js-env code - post-init","    /* istanbul ignore next */","    case 'node':","        local.testCase_buildApidoc_default = local.testCase_buildApidoc_default || function (","            options,","            onError","        ) {","        /*","         * this function will test buildApidoc's default handling-behavior-behavior","         */","            options = { modulePathList: module.paths };","            local.buildApidoc(options, onError);","        };","","        local.testCase_buildApp_default = local.testCase_buildApp_default || function (","            options,","            onError","        ) {","        /*","         * this function will test buildApp's default handling-behavior-behavior","         */","            local.testCase_buildReadme_default(options, local.onErrorThrow);","            local.testCase_buildLib_default(options, local.onErrorThrow);","            local.testCase_buildTest_default(options, local.onErrorThrow);","            local.testCase_buildCustomOrg_default(options, local.onErrorThrow);","            options = [];","            local.buildApp(options, onError);","        };","","        local.testCase_buildCustomOrg_default = local.testCase_buildCustomOrg_default ||","            function (options, onError) {","            /*","             * this function will test buildCustomOrg's default handling-behavior","             */","                options = {};","                local.buildCustomOrg(options, onError);","            };","","        local.testCase_buildLib_default = local.testCase_buildLib_default || function (","            options,","            onError","        ) {","        /*","         * this function will test buildLib's default handling-behavior","         */","            options = {};","            local.buildLib(options, onError);","        };","","        local.testCase_buildReadme_default = local.testCase_buildReadme_default || function (","            options,","            onError","        ) {","        /*","         * this function will test buildReadme's default handling-behavior-behavior","         */","            options = {};","            local.buildReadme(options, onError);","        };","","        local.testCase_buildTest_default = local.testCase_buildTest_default || function (","            options,","            onError","        ) {","        /*","         * this function will test buildTest's default handling-behavior","         */","            options = {};","            local.buildTest(options, onError);","        };","","        local.testCase_webpage_default = local.testCase_webpage_default || function (","            options,","            onError","        ) {","        /*","         * this function will test webpage's default handling-behavior","         */","            options = { modeCoverageMerge: true, url: local.serverLocalHost + '?modeTest=1' };","            local.browserTest(options, onError);","        };","","        // run test-server","        local.testRunServer(local);","        break;","    }","}());",""],"l":{"12":2,"14":2,"19":2,"21":2,"23":2,"24":2,"25":2,"30":1,"37":2,"40":2,"43":1,"47":1,"50":1,"52":1,"55":2,"61":2,"62":2,"64":2,"70":1,"76":1,"82":2,"83":2,"85":2,"91":1,"98":1,"102":1,"105":1,"112":1,"119":1,"120":1,"123":1,"130":1,"131":1,"132":1,"133":1,"134":1,"135":1,"138":1,"143":2,"144":2,"147":1,"154":2,"155":2,"158":1,"165":2,"166":2,"169":1,"176":2,"177":2,"180":1,"187":1,"188":1,"192":1,"193":1}},"/home/travis/build/npmtest/node-npmtest-pkgcloud/lib.npmtest_pkgcloud.js":{"path":"/home/travis/build/npmtest/node-npmtest-pkgcloud/lib.npmtest_pkgcloud.js","s":{"1":2,"2":2,"3":2,"4":2,"5":2,"6":2,"7":2,"8":1,"9":2,"10":2,"11":2,"12":2,"13":1,"14":1,"15":1,"16":1},"b":{"1":[2,1,1,1],"2":[1,1,1,1],"3":[1,1],"4":[2,2],"5":[1,1]},"f":{"1":2,"2":2,"3":2},"fnMap":{"1":{"name":"(anonymous_1)","line":12,"loc":{"start":{"line":12,"column":1},"end":{"line":12,"column":13}}},"2":{"name":"(anonymous_2)","line":19,"loc":{"start":{"line":19,"column":5},"end":{"line":19,"column":17}}},"3":{"name":"(anonymous_3)","line":23,"loc":{"start":{"line":23,"column":24},"end":{"line":23,"column":36}}}},"statementMap":{"1":{"start":{"line":12,"column":0},"end":{"line":53,"column":5}},"2":{"start":{"line":14,"column":4},"end":{"line":14,"column":14}},"3":{"start":{"line":19,"column":4},"end":{"line":52,"column":9}},"4":{"start":{"line":21,"column":8},"end":{"line":21,"column":19}},"5":{"start":{"line":23,"column":8},"end":{"line":35,"column":13}},"6":{"start":{"line":24,"column":12},"end":{"line":34,"column":13}},"7":{"start":{"line":25,"column":16},"end":{"line":28,"column":30}},"8":{"start":{"line":30,"column":16},"end":{"line":33,"column":27}},"9":{"start":{"line":37,"column":8},"end":{"line":39,"column":21}},"10":{"start":{"line":41,"column":8},"end":{"line":41,"column":54}},"11":{"start":{"line":43,"column":8},"end":{"line":43,"column":53}},"12":{"start":{"line":45,"column":8},"end":{"line":51,"column":9}},"13":{"start":{"line":46,"column":12},"end":{"line":46,"column":59}},"14":{"start":{"line":48,"column":12},"end":{"line":48,"column":35}},"15":{"start":{"line":49,"column":12},"end":{"line":49,"column":49}},"16":{"start":{"line":50,"column":12},"end":{"line":50,"column":43}}},"branchMap":{"1":{"line":25,"type":"binary-expr","locations":[{"start":{"line":25,"column":23},"end":{"line":25,"column":62}},{"start":{"line":26,"column":20},"end":{"line":26,"column":70}},{"start":{"line":27,"column":20},"end":{"line":27,"column":71}},{"start":{"line":28,"column":20},"end":{"line":28,"column":29}}]},"2":{"line":30,"type":"binary-expr","locations":[{"start":{"line":30,"column":23},"end":{"line":30,"column":37}},{"start":{"line":31,"column":20},"end":{"line":31,"column":61}},{"start":{"line":32,"column":20},"end":{"line":32,"column":70}},{"start":{"line":33,"column":20},"end":{"line":33,"column":26}}]},"3":{"line":37,"type":"cond-expr","locations":[{"start":{"line":38,"column":14},"end":{"line":38,"column":20}},{"start":{"line":39,"column":14},"end":{"line":39,"column":20}}]},"4":{"line":41,"type":"binary-expr","locations":[{"start":{"line":41,"column":16},"end":{"line":41,"column":44}},{"start":{"line":41,"column":48},"end":{"line":41,"column":53}}]},"5":{"line":45,"type":"if","locations":[{"start":{"line":45,"column":8},"end":{"line":45,"column":8}},{"start":{"line":45,"column":8},"end":{"line":45,"column":8}}]}},"code":["/* istanbul instrument in package npmtest_pkgcloud */","/*jslint","    bitwise: true,","    browser: true,","    maxerr: 8,","    maxlen: 96,","    node: true,","    nomen: true,","    regexp: true,","    stupid: true","*/","(function () {","    'use strict';","    var local;","","","","    // run shared js-env code - pre-init","    (function () {","        // init local","        local = {};","        // init modeJs","        local.modeJs = (function () {","            try {","                return typeof navigator.userAgent === 'string' &&","                    typeof document.querySelector('body') === 'object' &&","                    typeof XMLHttpRequest.prototype.open === 'function' &&","                    'browser';","            } catch (errorCaughtBrowser) {","                return module.exports &&","                    typeof process.versions.node === 'string' &&","                    typeof require('http').createServer === 'function' &&","                    'node';","            }","        }());","        // init global","        local.global = local.modeJs === 'browser'","            ? window","            : global;","        // init utility2_rollup","        local = local.global.utility2_rollup || local;","        // init lib","        local.local = local.npmtest_pkgcloud = local;","        // init exports","        if (local.modeJs === 'browser') {","            local.global.utility2_npmtest_pkgcloud = local;","        } else {","            module.exports = local;","            module.exports.__dirname = __dirname;","            module.exports.module = module;","        }","    }());","}());",""],"l":{"12":2,"14":2,"19":2,"21":2,"23":2,"24":2,"25":2,"30":1,"37":2,"41":2,"43":2,"45":2,"46":1,"48":1,"49":1,"50":1}},"/home/travis/build/npmtest/node-npmtest-pkgcloud/example.js":{"path":"/home/travis/build/npmtest/node-npmtest-pkgcloud/example.js","s":{"1":2,"2":2,"3":2,"4":2,"5":2,"6":2,"7":2,"8":1,"9":2,"10":2,"11":2,"12":2,"13":1,"14":2,"15":2,"16":2,"17":2,"18":2,"19":0,"20":2,"21":1,"22":1,"23":1,"24":1,"25":1,"26":0,"27":0,"28":1,"29":1,"30":2,"31":0,"32":0,"33":0,"34":1,"35":2,"36":2,"37":3,"38":3,"39":3,"40":3,"41":0,"42":3,"43":3,"44":3,"45":1,"46":3,"47":1,"48":1,"49":1,"50":1,"51":1,"52":1,"53":1,"54":1,"55":1,"56":1,"57":0,"58":1,"59":6,"60":6,"61":1,"62":2,"63":0,"64":2,"65":1,"66":1,"67":0,"68":0,"69":0,"70":0,"71":0,"72":0,"73":0,"74":0,"75":0,"76":0,"77":0,"78":0,"79":0,"80":0,"81":0,"82":0,"83":0},"b":{"1":[2,1,1,1],"2":[1,1,1,1],"3":[1,1],"4":[2,2],"5":[1,1],"6":[1,1],"7":[2,0],"8":[2,1,1,1,1,1],"9":[0,2,0],"10":[1,1],"11":[2,1,1],"12":[1,0],"13":[0,2],"14":[2,0,0,0,0,0,0],"15":[0,3],"16":[3,0],"17":[1,1],"18":[0,1],"19":[1,2,0,2],"20":[1,0],"21":[1,1],"22":[0,0],"23":[0,0],"24":[0,0],"25":[0,0],"26":[0,0],"27":[0,0],"28":[0,0]},"f":{"1":2,"2":2,"3":2,"4":2,"5":2,"6":2,"7":3,"8":3,"9":3,"10":1,"11":6,"12":0},"fnMap":{"1":{"name":"(anonymous_1)","line":26,"loc":{"start":{"line":26,"column":1},"end":{"line":26,"column":13}}},"2":{"name":"(anonymous_2)","line":33,"loc":{"start":{"line":33,"column":5},"end":{"line":33,"column":17}}},"3":{"name":"(anonymous_3)","line":37,"loc":{"start":{"line":37,"column":24},"end":{"line":37,"column":36}}},"4":{"name":"(anonymous_4)","line":69,"loc":{"start":{"line":69,"column":31},"end":{"line":69,"column":48}},"skip":true},"5":{"name":"(anonymous_5)","line":78,"loc":{"start":{"line":78,"column":26},"end":{"line":78,"column":45}},"skip":true},"6":{"name":"(anonymous_6)","line":123,"loc":{"start":{"line":123,"column":33},"end":{"line":123,"column":48}},"skip":true},"7":{"name":"(anonymous_7)","line":125,"loc":{"start":{"line":125,"column":27},"end":{"line":125,"column":39}},"skip":true},"8":{"name":"(anonymous_8)","line":133,"loc":{"start":{"line":133,"column":59},"end":{"line":133,"column":74}},"skip":true},"9":{"name":"(anonymous_9)","line":143,"loc":{"start":{"line":143,"column":45},"end":{"line":143,"column":62}},"skip":true},"10":{"name":"(anonymous_10)","line":144,"loc":{"start":{"line":144,"column":73},"end":{"line":144,"column":92}},"skip":true},"11":{"name":"(anonymous_11)","line":272,"loc":{"start":{"line":272,"column":51},"end":{"line":272,"column":77}},"skip":true},"12":{"name":"(anonymous_12)","line":315,"loc":{"start":{"line":315,"column":32},"end":{"line":315,"column":61}},"skip":true}},"statementMap":{"1":{"start":{"line":26,"column":0},"end":{"line":326,"column":5}},"2":{"start":{"line":28,"column":4},"end":{"line":28,"column":14}},"3":{"start":{"line":33,"column":4},"end":{"line":60,"column":9}},"4":{"start":{"line":35,"column":8},"end":{"line":35,"column":19}},"5":{"start":{"line":37,"column":8},"end":{"line":49,"column":13}},"6":{"start":{"line":38,"column":12},"end":{"line":48,"column":13}},"7":{"start":{"line":39,"column":16},"end":{"line":42,"column":30}},"8":{"start":{"line":44,"column":16},"end":{"line":47,"column":27}},"9":{"start":{"line":51,"column":8},"end":{"line":53,"column":21}},"10":{"start":{"line":55,"column":8},"end":{"line":57,"column":45}},"11":{"start":{"line":59,"column":8},"end":{"line":59,"column":35}},"12":{"start":{"line":61,"column":4},"end":{"line":325,"column":5}},"13":{"start":{"line":69,"column":8},"end":{"line":121,"column":10},"skip":true},"14":{"start":{"line":70,"column":12},"end":{"line":88,"column":13},"skip":true},"15":{"start":{"line":76,"column":16},"end":{"line":87,"column":19},"skip":true},"16":{"start":{"line":79,"column":20},"end":{"line":86,"column":21},"skip":true},"17":{"start":{"line":82,"column":24},"end":{"line":82,"column":43},"skip":true},"18":{"start":{"line":83,"column":24},"end":{"line":83,"column":30},"skip":true},"19":{"start":{"line":85,"column":24},"end":{"line":85,"column":49},"skip":true},"20":{"start":{"line":89,"column":12},"end":{"line":107,"column":13},"skip":true},"21":{"start":{"line":92,"column":16},"end":{"line":102,"column":17},"skip":true},"22":{"start":{"line":93,"column":20},"end":{"line":93,"column":86},"skip":true},"23":{"start":{"line":94,"column":20},"end":{"line":95,"column":45},"skip":true},"24":{"start":{"line":96,"column":20},"end":{"line":96,"column":42},"skip":true},"25":{"start":{"line":97,"column":20},"end":{"line":97,"column":48},"skip":true},"26":{"start":{"line":100,"column":20},"end":{"line":100,"column":85},"skip":true},"27":{"start":{"line":101,"column":20},"end":{"line":101,"column":96},"skip":true},"28":{"start":{"line":103,"column":16},"end":{"line":103,"column":22},"skip":true},"29":{"start":{"line":106,"column":16},"end":{"line":106,"column":22},"skip":true},"30":{"start":{"line":108,"column":12},"end":{"line":120,"column":13},"skip":true},"31":{"start":{"line":114,"column":16},"end":{"line":119,"column":17},"skip":true},"32":{"start":{"line":116,"column":20},"end":{"line":116,"column":78},"skip":true},"33":{"start":{"line":118,"column":20},"end":{"line":118,"column":47},"skip":true},"34":{"start":{"line":123,"column":8},"end":{"line":141,"column":11},"skip":true},"35":{"start":{"line":124,"column":12},"end":{"line":124,"column":54},"skip":true},"36":{"start":{"line":125,"column":12},"end":{"line":140,"column":14},"skip":true},"37":{"start":{"line":126,"column":16},"end":{"line":126,"column":28},"skip":true},"38":{"start":{"line":127,"column":16},"end":{"line":127,"column":69},"skip":true},"39":{"start":{"line":128,"column":16},"end":{"line":128,"column":75},"skip":true},"40":{"start":{"line":129,"column":16},"end":{"line":131,"column":17},"skip":true},"41":{"start":{"line":130,"column":20},"end":{"line":130,"column":27},"skip":true},"42":{"start":{"line":133,"column":16},"end":{"line":137,"column":36},"skip":true},"43":{"start":{"line":134,"column":20},"end":{"line":136,"column":55},"skip":true},"44":{"start":{"line":139,"column":16},"end":{"line":139,"column":57},"skip":true},"45":{"start":{"line":143,"column":8},"end":{"line":147,"column":11},"skip":true},"46":{"start":{"line":144,"column":12},"end":{"line":146,"column":15},"skip":true},"47":{"start":{"line":145,"column":16},"end":{"line":145,"column":70},"skip":true},"48":{"start":{"line":149,"column":8},"end":{"line":149,"column":31},"skip":true},"49":{"start":{"line":150,"column":8},"end":{"line":150,"column":14},"skip":true},"50":{"start":{"line":158,"column":8},"end":{"line":158,"column":31},"skip":true},"51":{"start":{"line":160,"column":8},"end":{"line":160,"column":33},"skip":true},"52":{"start":{"line":161,"column":8},"end":{"line":161,"column":37},"skip":true},"53":{"start":{"line":162,"column":8},"end":{"line":162,"column":35},"skip":true},"54":{"start":{"line":164,"column":8},"end":{"line":164,"column":50},"skip":true},"55":{"start":{"line":166,"column":8},"end":{"line":256,"column":2},"skip":true},"56":{"start":{"line":258,"column":8},"end":{"line":286,"column":9},"skip":true},"57":{"start":{"line":259,"column":12},"end":{"line":269,"column":14},"skip":true},"58":{"start":{"line":271,"column":12},"end":{"line":285,"column":19},"skip":true},"59":{"start":{"line":274,"column":20},"end":{"line":274,"column":35},"skip":true},"60":{"start":{"line":275,"column":20},"end":{"line":284,"column":21},"skip":true},"61":{"start":{"line":277,"column":24},"end":{"line":277,"column":64},"skip":true},"62":{"start":{"line":279,"column":24},"end":{"line":279,"column":40},"skip":true},"63":{"start":{"line":281,"column":24},"end":{"line":281,"column":40},"skip":true},"64":{"start":{"line":283,"column":24},"end":{"line":283,"column":39},"skip":true},"65":{"start":{"line":288,"column":8},"end":{"line":290,"column":9},"skip":true},"66":{"start":{"line":289,"column":12},"end":{"line":289,"column":18},"skip":true},"67":{"start":{"line":291,"column":8},"end":{"line":293,"column":54},"skip":true},"68":{"start":{"line":296,"column":8},"end":{"line":301,"column":37},"skip":true},"69":{"start":{"line":303,"column":8},"end":{"line":303,"column":82},"skip":true},"70":{"start":{"line":306,"column":8},"end":{"line":308,"column":9},"skip":true},"71":{"start":{"line":307,"column":12},"end":{"line":307,"column":82},"skip":true},"72":{"start":{"line":310,"column":8},"end":{"line":312,"column":9},"skip":true},"73":{"start":{"line":311,"column":12},"end":{"line":311,"column":18},"skip":true},"74":{"start":{"line":313,"column":8},"end":{"line":313,"column":54},"skip":true},"75":{"start":{"line":314,"column":8},"end":{"line":314,"column":69},"skip":true},"76":{"start":{"line":315,"column":8},"end":{"line":323,"column":36},"skip":true},"77":{"start":{"line":316,"column":12},"end":{"line":316,"column":61},"skip":true},"78":{"start":{"line":317,"column":12},"end":{"line":320,"column":13},"skip":true},"79":{"start":{"line":318,"column":16},"end":{"line":318,"column":75},"skip":true},"80":{"start":{"line":319,"column":16},"end":{"line":319,"column":23},"skip":true},"81":{"start":{"line":321,"column":12},"end":{"line":321,"column":38},"skip":true},"82":{"start":{"line":322,"column":12},"end":{"line":322,"column":27},"skip":true},"83":{"start":{"line":324,"column":8},"end":{"line":324,"column":14},"skip":true}},"branchMap":{"1":{"line":39,"type":"binary-expr","locations":[{"start":{"line":39,"column":23},"end":{"line":39,"column":62}},{"start":{"line":40,"column":20},"end":{"line":40,"column":70}},{"start":{"line":41,"column":20},"end":{"line":41,"column":71}},{"start":{"line":42,"column":20},"end":{"line":42,"column":29}}]},"2":{"line":44,"type":"binary-expr","locations":[{"start":{"line":44,"column":23},"end":{"line":44,"column":37}},{"start":{"line":45,"column":20},"end":{"line":45,"column":61}},{"start":{"line":46,"column":20},"end":{"line":46,"column":70}},{"start":{"line":47,"column":20},"end":{"line":47,"column":26}}]},"3":{"line":51,"type":"cond-expr","locations":[{"start":{"line":52,"column":14},"end":{"line":52,"column":20}},{"start":{"line":53,"column":14},"end":{"line":53,"column":20}}]},"4":{"line":55,"type":"binary-expr","locations":[{"start":{"line":55,"column":16},"end":{"line":55,"column":44}},{"start":{"line":55,"column":49},"end":{"line":57,"column":43}}]},"5":{"line":55,"type":"cond-expr","locations":[{"start":{"line":56,"column":14},"end":{"line":56,"column":52}},{"start":{"line":57,"column":14},"end":{"line":57,"column":43}}]},"6":{"line":61,"type":"switch","locations":[{"start":{"line":68,"column":4},"end":{"line":150,"column":14},"skip":true},{"start":{"line":156,"column":4},"end":{"line":324,"column":14},"skip":true}]},"7":{"line":70,"type":"if","locations":[{"start":{"line":70,"column":12},"end":{"line":70,"column":12},"skip":true},{"start":{"line":70,"column":12},"end":{"line":70,"column":12},"skip":true}]},"8":{"line":70,"type":"binary-expr","locations":[{"start":{"line":70,"column":16},"end":{"line":70,"column":22},"skip":true},{"start":{"line":70,"column":27},"end":{"line":70,"column":32},"skip":true},{"start":{"line":71,"column":20},"end":{"line":71,"column":39},"skip":true},{"start":{"line":72,"column":20},"end":{"line":72,"column":49},"skip":true},{"start":{"line":73,"column":20},"end":{"line":73,"column":58},"skip":true},{"start":{"line":74,"column":20},"end":{"line":74,"column":69},"skip":true}]},"9":{"line":79,"type":"switch","locations":[{"start":{"line":80,"column":20},"end":{"line":80,"column":33},"skip":true},{"start":{"line":81,"column":20},"end":{"line":83,"column":30},"skip":true},{"start":{"line":84,"column":20},"end":{"line":85,"column":49},"skip":true}]},"10":{"line":89,"type":"switch","locations":[{"start":{"line":90,"column":12},"end":{"line":103,"column":22},"skip":true},{"start":{"line":105,"column":12},"end":{"line":106,"column":22},"skip":true}]},"11":{"line":89,"type":"binary-expr","locations":[{"start":{"line":89,"column":20},"end":{"line":89,"column":25},"skip":true},{"start":{"line":89,"column":29},"end":{"line":89,"column":48},"skip":true},{"start":{"line":89,"column":52},"end":{"line":89,"column":74},"skip":true}]},"12":{"line":92,"type":"if","locations":[{"start":{"line":92,"column":16},"end":{"line":92,"column":16},"skip":true},{"start":{"line":92,"column":16},"end":{"line":92,"column":16},"skip":true}]},"13":{"line":108,"type":"if","locations":[{"start":{"line":108,"column":12},"end":{"line":108,"column":12},"skip":true},{"start":{"line":108,"column":12},"end":{"line":108,"column":12},"skip":true}]},"14":{"line":108,"type":"binary-expr","locations":[{"start":{"line":108,"column":16},"end":{"line":108,"column":61},"skip":true},{"start":{"line":108,"column":66},"end":{"line":108,"column":72},"skip":true},{"start":{"line":108,"column":77},"end":{"line":108,"column":82},"skip":true},{"start":{"line":109,"column":20},"end":{"line":109,"column":39},"skip":true},{"start":{"line":110,"column":20},"end":{"line":110,"column":49},"skip":true},{"start":{"line":111,"column":20},"end":{"line":111,"column":58},"skip":true},{"start":{"line":112,"column":20},"end":{"line":112,"column":68},"skip":true}]},"15":{"line":129,"type":"if","locations":[{"start":{"line":129,"column":16},"end":{"line":129,"column":16},"skip":true},{"start":{"line":129,"column":16},"end":{"line":129,"column":16},"skip":true}]},"16":{"line":134,"type":"cond-expr","locations":[{"start":{"line":135,"column":26},"end":{"line":135,"column":29},"skip":true},{"start":{"line":136,"column":26},"end":{"line":136,"column":54},"skip":true}]},"17":{"line":164,"type":"binary-expr","locations":[{"start":{"line":164,"column":27},"end":{"line":164,"column":43},"skip":true},{"start":{"line":164,"column":47},"end":{"line":164,"column":49},"skip":true}]},"18":{"line":258,"type":"if","locations":[{"start":{"line":258,"column":8},"end":{"line":258,"column":8},"skip":true},{"start":{"line":258,"column":8},"end":{"line":258,"column":8},"skip":true}]},"19":{"line":275,"type":"switch","locations":[{"start":{"line":276,"column":20},"end":{"line":277,"column":64},"skip":true},{"start":{"line":278,"column":20},"end":{"line":279,"column":40},"skip":true},{"start":{"line":280,"column":20},"end":{"line":281,"column":40},"skip":true},{"start":{"line":282,"column":20},"end":{"line":283,"column":39},"skip":true}]},"20":{"line":288,"type":"if","locations":[{"start":{"line":288,"column":8},"end":{"line":288,"column":8},"skip":true},{"start":{"line":288,"column":8},"end":{"line":288,"column":8},"skip":true}]},"21":{"line":288,"type":"binary-expr","locations":[{"start":{"line":288,"column":12},"end":{"line":288,"column":40},"skip":true},{"start":{"line":288,"column":44},"end":{"line":288,"column":67},"skip":true}]},"22":{"line":292,"type":"binary-expr","locations":[{"start":{"line":292,"column":12},"end":{"line":292,"column":50},"skip":true},{"start":{"line":293,"column":12},"end":{"line":293,"column":53},"skip":true}]},"23":{"line":297,"type":"binary-expr","locations":[{"start":{"line":297,"column":12},"end":{"line":297,"column":66},"skip":true},{"start":{"line":298,"column":12},"end":{"line":301,"column":36},"skip":true}]},"24":{"line":303,"type":"binary-expr","locations":[{"start":{"line":303,"column":43},"end":{"line":303,"column":75},"skip":true},{"start":{"line":303,"column":79},"end":{"line":303,"column":81},"skip":true}]},"25":{"line":306,"type":"if","locations":[{"start":{"line":306,"column":8},"end":{"line":306,"column":8},"skip":true},{"start":{"line":306,"column":8},"end":{"line":306,"column":8},"skip":true}]},"26":{"line":310,"type":"if","locations":[{"start":{"line":310,"column":8},"end":{"line":310,"column":8},"skip":true},{"start":{"line":310,"column":8},"end":{"line":310,"column":8},"skip":true}]},"27":{"line":313,"type":"binary-expr","locations":[{"start":{"line":313,"column":27},"end":{"line":313,"column":43},"skip":true},{"start":{"line":313,"column":47},"end":{"line":313,"column":53},"skip":true}]},"28":{"line":317,"type":"if","locations":[{"start":{"line":317,"column":12},"end":{"line":317,"column":12},"skip":true},{"start":{"line":317,"column":12},"end":{"line":317,"column":12},"skip":true}]}},"code":["/*","example.js","","quickstart example","","instruction","    1. save this script as example.js","    2. run the shell command:","        $ npm install npmtest-pkgcloud && PORT=8081 node example.js","    3. play with the browser-demo on http://127.0.0.1:8081","*/","","","","/* istanbul instrument in package npmtest_pkgcloud */","/*jslint","    bitwise: true,","    browser: true,","    maxerr: 8,","    maxlen: 96,","    node: true,","    nomen: true,","    regexp: true,","    stupid: true","*/","(function () {","    'use strict';","    var local;","","","","    // run shared js-env code - pre-init","    (function () {","        // init local","        local = {};","        // init modeJs","        local.modeJs = (function () {","            try {","                return typeof navigator.userAgent === 'string' &&","                    typeof document.querySelector('body') === 'object' &&","                    typeof XMLHttpRequest.prototype.open === 'function' &&","                    'browser';","            } catch (errorCaughtBrowser) {","                return module.exports &&","                    typeof process.versions.node === 'string' &&","                    typeof require('http').createServer === 'function' &&","                    'node';","            }","        }());","        // init global","        local.global = local.modeJs === 'browser'","            ? window","            : global;","        // init utility2_rollup","        local = local.global.utility2_rollup || (local.modeJs === 'browser'","            ? local.global.utility2_npmtest_pkgcloud","            : global.utility2_moduleExports);","        // export local","        local.global.local = local;","    }());","    switch (local.modeJs) {","","","","    // post-init","    // run browser js-env code - post-init","    /* istanbul ignore next */","    case 'browser':","        local.testRunBrowser = function (event) {","            if (!event || (event &&","                    event.currentTarget &&","                    event.currentTarget.className &&","                    event.currentTarget.className.includes &&","                    event.currentTarget.className.includes('onreset'))) {","                // reset output","                Array.from(","                    document.querySelectorAll('body > .resettable')","                ).forEach(function (element) {","                    switch (element.tagName) {","                    case 'INPUT':","                    case 'TEXTAREA':","                        element.value = '';","                        break;","                    default:","                        element.textContent = '';","                    }","                });","            }","            switch (event && event.currentTarget && event.currentTarget.id) {","            case 'testRunButton1':","                // show tests","                if (document.querySelector('#testReportDiv1').style.display === 'none') {","                    document.querySelector('#testReportDiv1').style.display = 'block';","                    document.querySelector('#testRunButton1').textContent =","                        'hide internal test';","                    local.modeTest = true;","                    local.testRunDefault(local);","                // hide tests","                } else {","                    document.querySelector('#testReportDiv1').style.display = 'none';","                    document.querySelector('#testRunButton1').textContent = 'run internal test';","                }","                break;","            // custom-case","            default:","                break;","            }","            if (document.querySelector('#inputTextareaEval1') && (!event || (event &&","                    event.currentTarget &&","                    event.currentTarget.className &&","                    event.currentTarget.className.includes &&","                    event.currentTarget.className.includes('oneval')))) {","                // try to eval input-code","                try {","                    /*jslint evil: true*/","                    eval(document.querySelector('#inputTextareaEval1').value);","                } catch (errorCaught) {","                    console.error(errorCaught);","                }","            }","        };","        // log stderr and stdout to #outputTextareaStdout1","        ['error', 'log'].forEach(function (key) {","            console[key + '_original'] = console[key];","            console[key] = function () {","                var element;","                console[key + '_original'].apply(console, arguments);","                element = document.querySelector('#outputTextareaStdout1');","                if (!element) {","                    return;","                }","                // append text to #outputTextareaStdout1","                element.value += Array.from(arguments).map(function (arg) {","                    return typeof arg === 'string'","                        ? arg","                        : JSON.stringify(arg, null, 4);","                }).join(' ') + '\\n';","                // scroll textarea to bottom","                element.scrollTop = element.scrollHeight;","            };","        });","        // init event-handling","        ['change', 'click', 'keyup'].forEach(function (event) {","            Array.from(document.querySelectorAll('.on' + event)).forEach(function (element) {","                element.addEventListener(event, local.testRunBrowser);","            });","        });","        // run tests","        local.testRunBrowser();","        break;","","","","    // run node js-env code - post-init","    /* istanbul ignore next */","    case 'node':","        // export local","        module.exports = local;","        // require modules","        local.fs = require('fs');","        local.http = require('http');","        local.url = require('url');","        // init assets","        local.assetsDict = local.assetsDict || {};","        /* jslint-ignore-begin */","        local.assetsDict['/assets.index.template.html'] = '\\","<!doctype html>\\n\\","<html lang=\"en\">\\n\\","<head>\\n\\","<meta charset=\"UTF-8\">\\n\\","<meta name=\"viewport\" content=\"width=device-width, initial-scale=1\">\\n\\","<title>{{env.npm_package_name}} (v{{env.npm_package_version}})</title>\\n\\","<style>\\n\\","/*csslint\\n\\","    box-sizing: false,\\n\\","    universal-selector: false\\n\\","*/\\n\\","* {\\n\\","    box-sizing: border-box;\\n\\","}\\n\\","body {\\n\\","    background: #dde;\\n\\","    font-family: Arial, Helvetica, sans-serif;\\n\\","    margin: 2rem;\\n\\","}\\n\\","body > * {\\n\\","    margin-bottom: 1rem;\\n\\","}\\n\\",".utility2FooterDiv {\\n\\","    margin-top: 20px;\\n\\","    text-align: center;\\n\\","}\\n\\","</style>\\n\\","<style>\\n\\","/*csslint\\n\\","*/\\n\\","textarea {\\n\\","    font-family: monospace;\\n\\","    height: 10rem;\\n\\","    width: 100%;\\n\\","}\\n\\","textarea[readonly] {\\n\\","    background: #ddd;\\n\\","}\\n\\","</style>\\n\\","</head>\\n\\","<body>\\n\\","<!-- utility2-comment\\n\\","<div id=\"ajaxProgressDiv1\" style=\"background: #d00; height: 2px; left: 0; margin: 0; padding: 0; position: fixed; top: 0; transition: background 0.5s, width 1.5s; width: 25%;\"></div>\\n\\","utility2-comment -->\\n\\","<h1>\\n\\","<!-- utility2-comment\\n\\","    <a\\n\\","        {{#if env.npm_package_homepage}}\\n\\","        href=\"{{env.npm_package_homepage}}\"\\n\\","        {{/if env.npm_package_homepage}}\\n\\","        target=\"_blank\"\\n\\","    >\\n\\","utility2-comment -->\\n\\","        {{env.npm_package_name}} (v{{env.npm_package_version}})\\n\\","<!-- utility2-comment\\n\\","    </a>\\n\\","utility2-comment -->\\n\\","</h1>\\n\\","<h3>{{env.npm_package_description}}</h3>\\n\\","<!-- utility2-comment\\n\\","<h4><a download href=\"assets.app.js\">download standalone app</a></h4>\\n\\","<button class=\"onclick onreset\" id=\"testRunButton1\">run internal test</button><br>\\n\\","<div id=\"testReportDiv1\" style=\"display: none;\"></div>\\n\\","utility2-comment -->\\n\\","\\n\\","\\n\\","\\n\\","<label>stderr and stdout</label>\\n\\","<textarea class=\"resettable\" id=\"outputTextareaStdout1\" readonly></textarea>\\n\\","<!-- utility2-comment\\n\\","{{#if isRollup}}\\n\\","<script src=\"assets.app.js\"></script>\\n\\","{{#unless isRollup}}\\n\\","utility2-comment -->\\n\\","<script src=\"assets.utility2.rollup.js\"></script>\\n\\","<script src=\"jsonp.utility2._stateInit?callback=window.utility2._stateInit\"></script>\\n\\","<script src=\"assets.npmtest_pkgcloud.rollup.js\"></script>\\n\\","<script src=\"assets.example.js\"></script>\\n\\","<script src=\"assets.test.js\"></script>\\n\\","<!-- utility2-comment\\n\\","{{/if isRollup}}\\n\\","utility2-comment -->\\n\\","<div class=\"utility2FooterDiv\">\\n\\","    [ this app was created with\\n\\","    <a href=\"https://github.com/kaizhu256/node-utility2\" target=\"_blank\">utility2</a>\\n\\","    ]\\n\\","</div>\\n\\","</body>\\n\\","</html>\\n\\","';","        /* jslint-ignore-end */","        if (local.templateRender) {","            local.assetsDict['/'] = local.templateRender(","                local.assetsDict['/assets.index.template.html'],","                {","                    env: local.objectSetDefault(local.env, {","                        npm_package_description: 'the greatest app in the world!',","                        npm_package_name: 'my-app',","                        npm_package_nameAlias: 'my_app',","                        npm_package_version: '0.0.1'","                    })","                }","            );","        } else {","            local.assetsDict['/'] = local.assetsDict['/assets.index.template.html']","                .replace((/\\{\\{env\\.(\\w+?)\\}\\}/g), function (match0, match1) {","                    // jslint-hack","                    String(match0);","                    switch (match1) {","                    case 'npm_package_description':","                        return 'the greatest app in the world!';","                    case 'npm_package_name':","                        return 'my-app';","                    case 'npm_package_nameAlias':","                        return 'my_app';","                    case 'npm_package_version':","                        return '0.0.1';","                    }","                });","        }","        // run the cli","        if (local.global.utility2_rollup || module !== require.main) {","            break;","        }","        local.assetsDict['/assets.example.js'] =","            local.assetsDict['/assets.example.js'] ||","            local.fs.readFileSync(__filename, 'utf8');","        // bug-workaround - long $npm_package_buildCustomOrg","        /* jslint-ignore-begin */","        local.assetsDict['/assets.npmtest_pkgcloud.rollup.js'] =","            local.assetsDict['/assets.npmtest_pkgcloud.rollup.js'] ||","            local.fs.readFileSync(","                local.npmtest_pkgcloud.__dirname + '/lib.npmtest_pkgcloud.js',","                'utf8'","            ).replace((/^#!/), '//');","        /* jslint-ignore-end */","        local.assetsDict['/favicon.ico'] = local.assetsDict['/favicon.ico'] || '';","        // if $npm_config_timeout_exit exists,","        // then exit this process after $npm_config_timeout_exit ms","        if (Number(process.env.npm_config_timeout_exit)) {","            setTimeout(process.exit, Number(process.env.npm_config_timeout_exit));","        }","        // start server","        if (local.global.utility2_serverHttp1) {","            break;","        }","        process.env.PORT = process.env.PORT || '8081';","        console.error('server starting on port ' + process.env.PORT);","        local.http.createServer(function (request, response) {","            request.urlParsed = local.url.parse(request.url);","            if (local.assetsDict[request.urlParsed.pathname] !== undefined) {","                response.end(local.assetsDict[request.urlParsed.pathname]);","                return;","            }","            response.statusCode = 404;","            response.end();","        }).listen(process.env.PORT);","        break;","    }","}());",""],"l":{"26":2,"28":2,"33":2,"35":2,"37":2,"38":2,"39":2,"44":1,"51":2,"55":2,"59":2,"61":2,"69":1,"70":2,"76":2,"79":2,"82":2,"83":2,"85":1,"89":2,"92":1,"93":1,"94":1,"96":1,"97":1,"100":1,"101":1,"103":1,"106":1,"108":2,"114":1,"116":1,"118":1,"123":1,"124":2,"125":2,"126":3,"127":3,"128":3,"129":3,"130":1,"133":3,"134":3,"139":3,"143":1,"144":3,"145":1,"149":1,"150":1,"158":1,"160":1,"161":1,"162":1,"164":1,"166":1,"258":1,"259":1,"271":1,"274":6,"275":6,"277":1,"279":2,"281":1,"283":2,"288":1,"289":1,"291":1,"296":1,"303":1,"306":1,"307":1,"310":1,"311":1,"313":1,"314":1,"315":1,"316":1,"317":1,"318":1,"319":1,"321":1,"322":1,"324":1}},"/home/travis/build/npmtest/node-npmtest-pkgcloud/node_modules/pkgcloud/lib/pkgcloud.js":{"path":"/home/travis/build/npmtest/node-npmtest-pkgcloud/node_modules/pkgcloud/lib/pkgcloud.js","s":{"1":1,"2":1,"3":1,"4":1,"5":1,"6":1,"7":1,"8":4,"9":4,"10":26,"11":4,"12":26,"13":1,"14":1,"15":9,"16":1,"17":9,"18":0,"19":0,"20":0,"21":0,"22":0,"23":0,"24":0,"25":0,"26":1,"27":13,"28":52},"b":{"1":[4,22],"2":[0,0],"3":[0,0],"4":[0,0]},"f":{"1":4,"2":26,"3":9,"4":9,"5":0,"6":13,"7":52},"fnMap":{"1":{"name":"(anonymous_1)","line":52,"loc":{"start":{"line":52,"column":19},"end":{"line":52,"column":40}}},"2":{"name":"(anonymous_2)","line":56,"loc":{"start":{"line":56,"column":34},"end":{"line":56,"column":46}}},"3":{"name":"(anonymous_3)","line":73,"loc":{"start":{"line":73,"column":17},"end":{"line":73,"column":32}}},"4":{"name":"(anonymous_4)","line":81,"loc":{"start":{"line":81,"column":17},"end":{"line":81,"column":36}}},"5":{"name":"(anonymous_5)","line":82,"loc":{"start":{"line":82,"column":35},"end":{"line":82,"column":54}}},"6":{"name":"(anonymous_6)","line":104,"loc":{"start":{"line":104,"column":18},"end":{"line":104,"column":38}}},"7":{"name":"(anonymous_7)","line":105,"loc":{"start":{"line":105,"column":48},"end":{"line":105,"column":60}}}},"statementMap":{"1":{"start":{"line":8,"column":0},"end":{"line":8,"column":27}},"2":{"start":{"line":10,"column":0},"end":{"line":10,"column":23}},"3":{"start":{"line":12,"column":0},"end":{"line":12,"column":54}},"4":{"start":{"line":14,"column":0},"end":{"line":19,"column":2}},"5":{"start":{"line":21,"column":0},"end":{"line":35,"column":2}},"6":{"start":{"line":37,"column":0},"end":{"line":47,"column":2}},"7":{"start":{"line":52,"column":0},"end":{"line":63,"column":3}},"8":{"start":{"line":53,"column":2},"end":{"line":54,"column":26}},"9":{"start":{"line":56,"column":2},"end":{"line":62,"column":5}},"10":{"start":{"line":57,"column":4},"end":{"line":59,"column":5}},"11":{"start":{"line":58,"column":6},"end":{"line":58,"column":44}},"12":{"start":{"line":61,"column":4},"end":{"line":61,"column":28}},"13":{"start":{"line":68,"column":0},"end":{"line":68,"column":24}},"14":{"start":{"line":73,"column":0},"end":{"line":75,"column":3}},"15":{"start":{"line":74,"column":2},"end":{"line":74,"column":21}},"16":{"start":{"line":81,"column":0},"end":{"line":99,"column":3}},"17":{"start":{"line":82,"column":2},"end":{"line":98,"column":4}},"18":{"start":{"line":83,"column":4},"end":{"line":85,"column":5}},"19":{"start":{"line":84,"column":6},"end":{"line":84,"column":87}},"20":{"start":{"line":87,"column":4},"end":{"line":87,"column":56}},"21":{"start":{"line":89,"column":4},"end":{"line":91,"column":5}},"22":{"start":{"line":90,"column":6},"end":{"line":90,"column":73}},"23":{"start":{"line":93,"column":4},"end":{"line":95,"column":5}},"24":{"start":{"line":94,"column":6},"end":{"line":94,"column":87}},"25":{"start":{"line":97,"column":4},"end":{"line":97,"column":55}},"26":{"start":{"line":104,"column":0},"end":{"line":108,"column":3}},"27":{"start":{"line":105,"column":2},"end":{"line":107,"column":5}},"28":{"start":{"line":106,"column":4},"end":{"line":106,"column":45}}},"branchMap":{"1":{"line":57,"type":"if","locations":[{"start":{"line":57,"column":4},"end":{"line":57,"column":4}},{"start":{"line":57,"column":4},"end":{"line":57,"column":4}}]},"2":{"line":83,"type":"if","locations":[{"start":{"line":83,"column":4},"end":{"line":83,"column":4}},{"start":{"line":83,"column":4},"end":{"line":83,"column":4}}]},"3":{"line":89,"type":"if","locations":[{"start":{"line":89,"column":4},"end":{"line":89,"column":4}},{"start":{"line":89,"column":4},"end":{"line":89,"column":4}}]},"4":{"line":93,"type":"if","locations":[{"start":{"line":93,"column":4},"end":{"line":93,"column":4}},{"start":{"line":93,"column":4},"end":{"line":93,"column":4}}]}},"code":["/*"," * pkgcloud.js: Top-level include for the pkgcloud module"," *"," * (C) 2011 Charlie Robbins, Ken Perkins, Ross Kukulinski & the Contributors."," *"," */","","var path = require('path');","","var pkgcloud = exports;","","pkgcloud.version = require('../package.json').version;","","var components = [","  './pkgcloud/core/base',","  './pkgcloud/common',","  './pkgcloud/core/compute',","  './pkgcloud/core/storage'","];","","var providers = [","  'amazon',","  'azure',","  'digitalocean',","  'google',","  'iriscouch',","  'joyent',","  'mongohq',","  'mongolab',","  'openstack',","  'rackspace',","  'redistogo',","  'telefonica',","  'hp'","];","","var services = [","  'blockstorage',","  'compute',","  'cdn',","  'database',","  'dns',","  'loadbalancer',","  'orchestration',","  'network',","  'storage'","];","","//","// Setup lazy-loaded exports for faster loading","//","components.forEach(function (component) {","  var name = path.basename(component),","      hidden = '_' + name;","","  pkgcloud.__defineGetter__(name, function () {","    if (!pkgcloud[hidden]) {","      pkgcloud[hidden] = require(component);","    }","","    return pkgcloud[hidden];","  });","});","","//","// Initialize our providers","//","pkgcloud.providers = {};","","//","// Setup empty exports to be populated later","//","services.forEach(function (key) {","  pkgcloud[key] = {};","});","","//","// Setup core `pkgcloud.*.createClient` methods for all","// provider functionality.","//","services.forEach(function (service) {","  pkgcloud[service].createClient = function (options) {","    if (!options.provider) {","      throw new Error('options.provider is required to create a new pkgcloud client.');","    }","","    var provider = pkgcloud.providers[options.provider];","","    if (!provider) {","      throw new Error(options.provider + ' is not a supported provider');","    }","","    if (!provider[service]) {","      throw new Error(options.provider + ' does not expose a ' + service + ' service');","    }","","    return new provider[service].createClient(options);","  };","});","","//","// Setup all providers as lazy-loaded getters","//","providers.forEach(function (provider) {","  pkgcloud.providers.__defineGetter__(provider, function () {","    return require('./pkgcloud/' + provider);","  });","});",""],"l":{"8":1,"10":1,"12":1,"14":1,"21":1,"37":1,"52":1,"53":4,"56":4,"57":26,"58":4,"61":26,"68":1,"73":1,"74":9,"81":1,"82":9,"83":0,"84":0,"87":0,"89":0,"90":0,"93":0,"94":0,"97":0,"104":1,"105":13,"106":52}},"/home/travis/build/npmtest/node-npmtest-pkgcloud/node_modules/pkgcloud/lib/pkgcloud/core/compute/index.js":{"path":"/home/travis/build/npmtest/node-npmtest-pkgcloud/node_modules/pkgcloud/lib/pkgcloud/core/compute/index.js","s":{"1":1,"2":1,"3":1,"4":1,"5":1,"6":1,"7":1,"8":0,"9":0,"10":0,"11":0,"12":0,"13":1,"14":0,"15":0,"16":0,"17":0,"18":0,"19":0,"20":0,"21":0,"22":0,"23":0,"24":0,"25":0,"26":0,"27":0,"28":0,"29":0,"30":0,"31":0,"32":0,"33":0,"34":0,"35":0,"36":0,"37":0},"b":{"1":[0,0],"2":[0,0],"3":[0,0],"4":[0,0,0],"5":[0,0],"6":[0,0],"7":[0,0],"8":[0,0],"9":[0,0],"10":[0,0],"11":[0,0],"12":[0,0],"13":[0,0],"14":[0,0],"15":[0,0],"16":[0,0],"17":[0,0,0]},"f":{"1":0,"2":0,"3":0,"4":0,"5":0,"6":0},"fnMap":{"1":{"name":"(anonymous_1)","line":32,"loc":{"start":{"line":32,"column":21},"end":{"line":32,"column":39}}},"2":{"name":"(anonymous_2)","line":49,"loc":{"start":{"line":49,"column":19},"end":{"line":49,"column":46}}},"3":{"name":"(anonymous_3)","line":69,"loc":{"start":{"line":69,"column":28},"end":{"line":69,"column":44}}},"4":{"name":"(anonymous_4)","line":113,"loc":{"start":{"line":113,"column":34},"end":{"line":113,"column":56}}},"5":{"name":"(anonymous_5)","line":115,"loc":{"start":{"line":115,"column":13},"end":{"line":115,"column":29}}},"6":{"name":"(anonymous_6)","line":117,"loc":{"start":{"line":117,"column":17},"end":{"line":117,"column":33}}}},"statementMap":{"1":{"start":{"line":8,"column":0},"end":{"line":8,"column":23}},"2":{"start":{"line":10,"column":0},"end":{"line":10,"column":50}},"3":{"start":{"line":11,"column":0},"end":{"line":11,"column":48}},"4":{"start":{"line":12,"column":0},"end":{"line":12,"column":50}},"5":{"start":{"line":18,"column":0},"end":{"line":18,"column":33}},"6":{"start":{"line":24,"column":0},"end":{"line":24,"column":31}},"7":{"start":{"line":32,"column":0},"end":{"line":41,"column":2}},"8":{"start":{"line":33,"column":2},"end":{"line":38,"column":3}},"9":{"start":{"line":34,"column":4},"end":{"line":34,"column":28}},"10":{"start":{"line":36,"column":7},"end":{"line":38,"column":3}},"11":{"start":{"line":37,"column":4},"end":{"line":37,"column":35}},"12":{"start":{"line":40,"column":2},"end":{"line":40,"column":12}},"13":{"start":{"line":49,"column":0},"end":{"line":135,"column":2}},"14":{"start":{"line":50,"column":2},"end":{"line":52,"column":3}},"15":{"start":{"line":51,"column":4},"end":{"line":51,"column":16}},"16":{"start":{"line":54,"column":2},"end":{"line":54,"column":26}},"17":{"start":{"line":56,"column":2},"end":{"line":60,"column":10}},"18":{"start":{"line":62,"column":2},"end":{"line":132,"column":3}},"19":{"start":{"line":69,"column":4},"end":{"line":71,"column":7}},"20":{"start":{"line":70,"column":6},"end":{"line":70,"column":28}},"21":{"start":{"line":73,"column":4},"end":{"line":75,"column":15}},"22":{"start":{"line":77,"column":7},"end":{"line":132,"column":3}},"23":{"start":{"line":93,"column":4},"end":{"line":95,"column":36}},"24":{"start":{"line":97,"column":7},"end":{"line":132,"column":3}},"25":{"start":{"line":108,"column":4},"end":{"line":108,"column":47}},"26":{"start":{"line":109,"column":4},"end":{"line":111,"column":5}},"27":{"start":{"line":110,"column":6},"end":{"line":110,"column":18}},"28":{"start":{"line":113,"column":4},"end":{"line":127,"column":36}},"29":{"start":{"line":114,"column":6},"end":{"line":124,"column":11}},"30":{"start":{"line":115,"column":31},"end":{"line":115,"column":48}},"31":{"start":{"line":118,"column":10},"end":{"line":123,"column":11}},"32":{"start":{"line":119,"column":12},"end":{"line":119,"column":37}},"33":{"start":{"line":121,"column":15},"end":{"line":123,"column":11}},"34":{"start":{"line":122,"column":12},"end":{"line":122,"column":38}},"35":{"start":{"line":126,"column":6},"end":{"line":126,"column":17}},"36":{"start":{"line":129,"column":4},"end":{"line":131,"column":14}},"37":{"start":{"line":134,"column":2},"end":{"line":134,"column":14}}},"branchMap":{"1":{"line":33,"type":"if","locations":[{"start":{"line":33,"column":2},"end":{"line":33,"column":2}},{"start":{"line":33,"column":2},"end":{"line":33,"column":2}}]},"2":{"line":36,"type":"if","locations":[{"start":{"line":36,"column":7},"end":{"line":36,"column":7}},{"start":{"line":36,"column":7},"end":{"line":36,"column":7}}]},"3":{"line":50,"type":"if","locations":[{"start":{"line":50,"column":2},"end":{"line":50,"column":2}},{"start":{"line":50,"column":2},"end":{"line":50,"column":2}}]},"4":{"line":50,"type":"binary-expr","locations":[{"start":{"line":50,"column":6},"end":{"line":50,"column":13}},{"start":{"line":50,"column":17},"end":{"line":50,"column":28}},{"start":{"line":50,"column":32},"end":{"line":50,"column":49}}]},"5":{"line":54,"type":"binary-expr","locations":[{"start":{"line":54,"column":12},"end":{"line":54,"column":19}},{"start":{"line":54,"column":23},"end":{"line":54,"column":25}}]},"6":{"line":56,"type":"binary-expr","locations":[{"start":{"line":56,"column":18},"end":{"line":56,"column":34}},{"start":{"line":56,"column":39},"end":{"line":56,"column":55}}]},"7":{"line":57,"type":"binary-expr","locations":[{"start":{"line":57,"column":18},"end":{"line":57,"column":35}},{"start":{"line":57,"column":39},"end":{"line":57,"column":56}}]},"8":{"line":62,"type":"if","locations":[{"start":{"line":62,"column":2},"end":{"line":62,"column":2}},{"start":{"line":62,"column":2},"end":{"line":62,"column":2}}]},"9":{"line":73,"type":"cond-expr","locations":[{"start":{"line":74,"column":8},"end":{"line":74,"column":21}},{"start":{"line":75,"column":8},"end":{"line":75,"column":14}}]},"10":{"line":77,"type":"if","locations":[{"start":{"line":77,"column":7},"end":{"line":77,"column":7}},{"start":{"line":77,"column":7},"end":{"line":77,"column":7}}]},"11":{"line":77,"type":"binary-expr","locations":[{"start":{"line":77,"column":11},"end":{"line":77,"column":34}},{"start":{"line":77,"column":38},"end":{"line":77,"column":62}}]},"12":{"line":93,"type":"cond-expr","locations":[{"start":{"line":94,"column":8},"end":{"line":94,"column":34}},{"start":{"line":95,"column":8},"end":{"line":95,"column":35}}]},"13":{"line":97,"type":"if","locations":[{"start":{"line":97,"column":7},"end":{"line":97,"column":7}},{"start":{"line":97,"column":7},"end":{"line":97,"column":7}}]},"14":{"line":109,"type":"if","locations":[{"start":{"line":109,"column":4},"end":{"line":109,"column":4}},{"start":{"line":109,"column":4},"end":{"line":109,"column":4}}]},"15":{"line":118,"type":"if","locations":[{"start":{"line":118,"column":10},"end":{"line":118,"column":10}},{"start":{"line":118,"column":10},"end":{"line":118,"column":10}}]},"16":{"line":121,"type":"if","locations":[{"start":{"line":121,"column":15},"end":{"line":121,"column":15}},{"start":{"line":121,"column":15},"end":{"line":121,"column":15}}]},"17":{"line":129,"type":"binary-expr","locations":[{"start":{"line":129,"column":11},"end":{"line":129,"column":33}},{"start":{"line":130,"column":9},"end":{"line":130,"column":32}},{"start":{"line":131,"column":9},"end":{"line":131,"column":13}}]}},"code":["/*"," * index.js: Top-level include from which all pkgcloud compute models inherit."," *"," * (C) 2011 Charlie Robbins, Ken Perkins, Ross Kukulinski & the Contributors."," *"," */","","var ip = require('ip');","","exports.Flavor       = require('./flavor').Flavor;","exports.Image        = require('./image').Image;","exports.Server       = require('./server').Server;","","//","// ### function isPrivate (addr)","// Determines if an IP address is private.","//","exports.isPrivate = ip.isPrivate;","","//","// ### function isPublic (addr)","// Determines if an IP address is public.","//","exports.isPublic = ip.isPublic;","","//","// ### function serverPass (server)","// #### @server {Object} Server to extract the serverPass from.","//","// Returns the server password (if it exists).","//","exports.serverPass = function (server) {","  if (server.adminPass) {","    return server.adminPass;","  }","  else if (server.metadata) {","    return server.metadata['root'];","  }","","  return '';","};","","//","// ### function serverIp (server)","// #### @server {Object} Server to extract the IP from.","//","// Attempts to return the `server` IP.","//","exports.serverIp = function (server, options) {","  if (!server && !server.ips && !server.addresses) {","    return null;","  }","","  options = options || {};","","  var isPublic  = options.isPublic  || exports.isPublic,","      isPrivate = options.isPrivate || exports.isPrivate,","      interfaces,","      addresses,","      pub;","","  if (server.ips) {","    //","    // Joyent uses the format:","    // * { ips: ['23.23.23.23', '10.0.0.1'] }","    // OR","    // * { ips: ['10.0.0.1', '23.23.23.23'] }","    //","    pub = server.ips.filter(function (addr) {","      return isPublic(addr);","    });","","    return !pub.length","      ? server.ips[0]","      : pub[0];","  }","  else if (server.addresses.public || server.addresses.private) {","    //","    // Rackspace and most sane providers use:","    //","    // addresses: {","    //   public: ['23.23.23.23'],","    //   private: ['10.0.0.1']","    // }","    //","    // OR","    //","    // addresses: {","    //   public: [],","    //   private: ['10.0.0.1']","    // }","    //","    return server.addresses.public.length","      ? server.addresses.public[0]","      : server.addresses.private[0];","  }","  else if (server.addresses) {","    //","    // OpenStack uses a non-standard set of names","    //","    // addresses: {","    //   vlan01: [","    //     { version: 4, addr: '10.0.0.1' }","    //     { version: 4, addr: '23.23.23.23' }","    //   ]","    // }","    //","    interfaces = Object.keys(server.addresses);","    if (!interfaces.length) {","      return null;","    }","","    addresses = interfaces.reduce(function (all, iface) {","      server.addresses[iface]","        .map(function (info) { return info.addr })","        .filter(Boolean)","        .forEach(function (addr) {","          if (isPublic(addr)) {","            all['public'].push(addr);","          }","          else if (isPrivate(addr)) {","            all['private'].push(addr);","          }","        });","","      return all;","    }, { public: [], private: [] });","","    return addresses['public'][0]","      || addresses['private'][0]","      || null;","  }","","  return null;","};",""],"l":{"8":1,"10":1,"11":1,"12":1,"18":1,"24":1,"32":1,"33":0,"34":0,"36":0,"37":0,"40":0,"49":1,"50":0,"51":0,"54":0,"56":0,"62":0,"69":0,"70":0,"73":0,"77":0,"93":0,"97":0,"108":0,"109":0,"110":0,"113":0,"114":0,"115":0,"118":0,"119":0,"121":0,"122":0,"126":0,"129":0,"134":0}},"/home/travis/build/npmtest/node-npmtest-pkgcloud/node_modules/pkgcloud/lib/pkgcloud/core/compute/flavor.js":{"path":"/home/travis/build/npmtest/node-npmtest-pkgcloud/node_modules/pkgcloud/lib/pkgcloud/core/compute/flavor.js","s":{"1":1,"2":1,"3":0,"4":1,"5":1,"6":0},"b":{},"f":{"1":0,"2":0},"fnMap":{"1":{"name":"(anonymous_1)","line":11,"loc":{"start":{"line":11,"column":30},"end":{"line":11,"column":57}}},"2":{"name":"(anonymous_2)","line":17,"loc":{"start":{"line":17,"column":27},"end":{"line":17,"column":47}}}},"statementMap":{"1":{"start":{"line":8,"column":0},"end":{"line":9,"column":37}},"2":{"start":{"line":11,"column":0},"end":{"line":13,"column":2}},"3":{"start":{"line":12,"column":2},"end":{"line":12,"column":42}},"4":{"start":{"line":15,"column":0},"end":{"line":15,"column":35}},"5":{"start":{"line":17,"column":0},"end":{"line":19,"column":2}},"6":{"start":{"line":18,"column":2},"end":{"line":18,"column":47}}},"branchMap":{},"code":["/*"," * flavor.js: Base flavor from which all pkgcloud flavors inherit from"," *"," * (C) 2011 Charlie Robbins, Ken Perkins, Ross Kukulinski & the Contributors."," *"," */","","var util = require('util'),","    model = require('../base/model');","","var Flavor = exports.Flavor = function (client, details) {","  model.Model.call(this, client, details);","};","","util.inherits(Flavor, model.Model);","","Flavor.prototype.refresh = function (callback) {","  return this.client.getFlavor(this, callback);","};",""],"l":{"8":1,"11":1,"12":0,"15":1,"17":1,"18":0}},"/home/travis/build/npmtest/node-npmtest-pkgcloud/node_modules/pkgcloud/lib/pkgcloud/core/base/model.js":{"path":"/home/travis/build/npmtest/node-npmtest-pkgcloud/node_modules/pkgcloud/lib/pkgcloud/core/base/model.js","s":{"1":1,"2":1,"3":0,"4":0,"5":0,"6":0,"7":1,"8":1,"9":0,"10":0,"11":0,"12":0,"13":0,"14":0,"15":0,"16":0,"17":0,"18":0,"19":0,"20":0,"21":0,"22":0,"23":0,"24":0,"25":0,"26":0,"27":0,"28":0,"29":0,"30":0,"31":0,"32":0,"33":0,"34":0,"35":0,"36":1,"37":0,"38":1,"39":1,"40":1},"b":{"1":[0,0],"2":[0,0],"3":[0,0],"4":[0,0],"5":[0,0],"6":[0,0],"7":[0,0],"8":[0,0],"9":[0,0]},"f":{"1":0,"2":0,"3":0,"4":0,"5":0},"fnMap":{"1":{"name":"(anonymous_1)","line":11,"loc":{"start":{"line":11,"column":28},"end":{"line":11,"column":55}}},"2":{"name":"setWait","line":37,"loc":{"start":{"line":37,"column":0},"end":{"line":37,"column":60}}},"3":{"name":"(anonymous_3)","line":49,"loc":{"start":{"line":49,"column":29},"end":{"line":49,"column":41}}},"4":{"name":"(anonymous_4)","line":50,"loc":{"start":{"line":50,"column":17},"end":{"line":50,"column":42}}},"5":{"name":"clear","line":94,"loc":{"start":{"line":94,"column":0},"end":{"line":94,"column":27}}}},"statementMap":{"1":{"start":{"line":8,"column":0},"end":{"line":9,"column":27}},"2":{"start":{"line":11,"column":0},"end":{"line":18,"column":2}},"3":{"start":{"line":12,"column":2},"end":{"line":12,"column":71}},"4":{"start":{"line":13,"column":2},"end":{"line":13,"column":23}},"5":{"start":{"line":15,"column":2},"end":{"line":17,"column":3}},"6":{"start":{"line":16,"column":4},"end":{"line":16,"column":33}},"7":{"start":{"line":20,"column":0},"end":{"line":20,"column":43}},"8":{"start":{"line":37,"column":0},"end":{"line":91,"column":1}},"9":{"start":{"line":38,"column":2},"end":{"line":41,"column":3}},"10":{"start":{"line":39,"column":4},"end":{"line":39,"column":26}},"11":{"start":{"line":40,"column":4},"end":{"line":40,"column":21}},"12":{"start":{"line":43,"column":2},"end":{"line":47,"column":14}},"13":{"start":{"line":49,"column":2},"end":{"line":88,"column":15}},"14":{"start":{"line":50,"column":4},"end":{"line":87,"column":7}},"15":{"start":{"line":52,"column":6},"end":{"line":62,"column":7}},"16":{"start":{"line":53,"column":8},"end":{"line":53,"column":29}},"17":{"start":{"line":54,"column":8},"end":{"line":61,"column":9}},"18":{"start":{"line":55,"column":10},"end":{"line":55,"column":38}},"19":{"start":{"line":56,"column":10},"end":{"line":60,"column":11}},"20":{"start":{"line":57,"column":12},"end":{"line":57,"column":25}},"21":{"start":{"line":58,"column":12},"end":{"line":58,"column":36}},"22":{"start":{"line":59,"column":12},"end":{"line":59,"column":19}},"23":{"start":{"line":64,"column":6},"end":{"line":66,"column":7}},"24":{"start":{"line":65,"column":8},"end":{"line":65,"column":15}},"25":{"start":{"line":68,"column":6},"end":{"line":69,"column":42}},"26":{"start":{"line":71,"column":6},"end":{"line":81,"column":7}},"27":{"start":{"line":72,"column":8},"end":{"line":72,"column":37}},"28":{"start":{"line":75,"column":8},"end":{"line":80,"column":9}},"29":{"start":{"line":76,"column":10},"end":{"line":79,"column":11}},"30":{"start":{"line":77,"column":12},"end":{"line":77,"column":26}},"31":{"start":{"line":78,"column":12},"end":{"line":78,"column":18}},"32":{"start":{"line":83,"column":6},"end":{"line":86,"column":7}},"33":{"start":{"line":84,"column":8},"end":{"line":84,"column":36}},"34":{"start":{"line":85,"column":8},"end":{"line":85,"column":33}},"35":{"start":{"line":90,"column":2},"end":{"line":90,"column":22}},"36":{"start":{"line":94,"column":0},"end":{"line":96,"column":1}},"37":{"start":{"line":95,"column":2},"end":{"line":95,"column":28}},"38":{"start":{"line":98,"column":0},"end":{"line":98,"column":36}},"39":{"start":{"line":99,"column":0},"end":{"line":99,"column":36}},"40":{"start":{"line":100,"column":0},"end":{"line":100,"column":34}}},"branchMap":{"1":{"line":15,"type":"if","locations":[{"start":{"line":15,"column":2},"end":{"line":15,"column":2}},{"start":{"line":15,"column":2},"end":{"line":15,"column":2}}]},"2":{"line":38,"type":"if","locations":[{"start":{"line":38,"column":2},"end":{"line":38,"column":2}},{"start":{"line":38,"column":2},"end":{"line":38,"column":2}}]},"3":{"line":52,"type":"if","locations":[{"start":{"line":52,"column":6},"end":{"line":52,"column":6}},{"start":{"line":52,"column":6},"end":{"line":52,"column":6}}]},"4":{"line":54,"type":"if","locations":[{"start":{"line":54,"column":8},"end":{"line":54,"column":8}},{"start":{"line":54,"column":8},"end":{"line":54,"column":8}}]},"5":{"line":56,"type":"if","locations":[{"start":{"line":56,"column":10},"end":{"line":56,"column":10}},{"start":{"line":56,"column":10},"end":{"line":56,"column":10}}]},"6":{"line":64,"type":"if","locations":[{"start":{"line":64,"column":6},"end":{"line":64,"column":6}},{"start":{"line":64,"column":6},"end":{"line":64,"column":6}}]},"7":{"line":71,"type":"if","locations":[{"start":{"line":71,"column":6},"end":{"line":71,"column":6}},{"start":{"line":71,"column":6},"end":{"line":71,"column":6}}]},"8":{"line":76,"type":"if","locations":[{"start":{"line":76,"column":10},"end":{"line":76,"column":10}},{"start":{"line":76,"column":10},"end":{"line":76,"column":10}}]},"9":{"line":83,"type":"if","locations":[{"start":{"line":83,"column":6},"end":{"line":83,"column":6}},{"start":{"line":83,"column":6},"end":{"line":83,"column":6}}]}},"code":["/*"," * model.js: Base model from which all pkgcloud models inherit from"," *"," * (C) 2011 Charlie Robbins, Ken Perkins, Ross Kukulinski & the Contributors."," *"," */","","var events = require('eventemitter2'),","    util = require('util');","","var Model = exports.Model = function (client, details) {","  events.EventEmitter2.call(this, { delimiter: '::', wildcard: true });","  this.client = client;","","  if (details) {","    this._setProperties(details);","  }","};","","util.inherits(Model, events.EventEmitter2);","","// ### function setWait (attributes, interval, callback)","//","// Continually polls resource and checks the","// results against the attributes parameter.","// When the attributes match the callback will be fired","//","// e.g. server.setWait({ status: 'RUNNING' }, 5000, function (err, resource) {","//        console.log('status is now running');","//      });","//","// #### @attributes  {Object|Function}  Attributes to match. Optionally provide a matching function","// ####    @*        {*}       **Optional** Key and expected value","// #### @interval    {Integer} Time between pools in ms.","// #### @timeLimit   {Integer} **Optional** Max time to spend executing","// #### @callback {Function} f(err, resource).","function setWait(attributes, interval, timeLimit, callback) {","  if (typeof timeLimit === 'function') {","    callback  = timeLimit;","    timeLimit = null;","  }","","  var self  = this,","      start = Date.now(),","      fired = false,","      equalCheckId,","      current;","","  equalCheckId = setInterval(function () {","    self.refresh(function (err, resource) {","","      if (timeLimit) {","        current = Date.now();","        if (current - start > timeLimit) {","          clearInterval(equalCheckId);","          if (!fired) {","            fired = true;","            callback(err, resource);","            return;","          }","        }","      }","","      if (err) {","        return;","      } // Ignore errors","","      var equal = true,","          keys  = Object.keys(attributes);","","      if (typeof attributes === 'function') {","        equal = attributes(resource);","      }","      else {","        for (var i = 0; i < keys.length; i++) {","          if (attributes[keys[i]] !== resource[keys[i]]) {","            equal = false;","            break;","          }","        }","      }","","      if (equal) {","        clearInterval(equalCheckId);","        callback(null, resource);","      }","    });","  }, interval);","","  return equalCheckId;","}","","// clear the interval","function clear(intervalId) {","  clearInterval(intervalId);","}","","Model.prototype.until     = setWait;","Model.prototype.setWait   = setWait;","Model.prototype.clearWait = clear;"],"l":{"8":1,"11":1,"12":0,"13":0,"15":0,"16":0,"20":1,"37":1,"38":0,"39":0,"40":0,"43":0,"49":0,"50":0,"52":0,"53":0,"54":0,"55":0,"56":0,"57":0,"58":0,"59":0,"64":0,"65":0,"68":0,"71":0,"72":0,"75":0,"76":0,"77":0,"78":0,"83":0,"84":0,"85":0,"90":0,"94":1,"95":0,"98":1,"99":1,"100":1}},"/home/travis/build/npmtest/node-npmtest-pkgcloud/node_modules/pkgcloud/lib/pkgcloud/core/compute/image.js":{"path":"/home/travis/build/npmtest/node-npmtest-pkgcloud/node_modules/pkgcloud/lib/pkgcloud/core/compute/image.js","s":{"1":1,"2":1,"3":0,"4":1,"5":1,"6":0,"7":1,"8":0,"9":1,"10":0},"b":{},"f":{"1":0,"2":0,"3":0,"4":0},"fnMap":{"1":{"name":"(anonymous_1)","line":11,"loc":{"start":{"line":11,"column":28},"end":{"line":11,"column":55}}},"2":{"name":"(anonymous_2)","line":17,"loc":{"start":{"line":17,"column":26},"end":{"line":17,"column":46}}},"3":{"name":"(anonymous_3)","line":21,"loc":{"start":{"line":21,"column":25},"end":{"line":21,"column":45}}},"4":{"name":"(anonymous_4)","line":25,"loc":{"start":{"line":25,"column":26},"end":{"line":25,"column":46}}}},"statementMap":{"1":{"start":{"line":8,"column":0},"end":{"line":9,"column":37}},"2":{"start":{"line":11,"column":0},"end":{"line":13,"column":2}},"3":{"start":{"line":12,"column":2},"end":{"line":12,"column":42}},"4":{"start":{"line":15,"column":0},"end":{"line":15,"column":34}},"5":{"start":{"line":17,"column":0},"end":{"line":19,"column":2}},"6":{"start":{"line":18,"column":2},"end":{"line":18,"column":46}},"7":{"start":{"line":21,"column":0},"end":{"line":23,"column":2}},"8":{"start":{"line":22,"column":2},"end":{"line":22,"column":49}},"9":{"start":{"line":25,"column":0},"end":{"line":27,"column":2}},"10":{"start":{"line":26,"column":2},"end":{"line":26,"column":50}}},"branchMap":{},"code":["/*"," * image.js: Base image from which all pkgcloud images inherit from"," *"," * (C) 2011 Charlie Robbins, Ken Perkins, Ross Kukulinski & the Contributors."," *"," */","","var util = require('util'),","    model = require('../base/model');","","var Image = exports.Image = function (client, details) {","  model.Model.call(this, client, details);","};","","util.inherits(Image, model.Model);","","Image.prototype.refresh = function (callback) {","  return this.client.getImage(this, callback);","};","","Image.prototype.create = function (callback) {","  return this.client.createImage(this, callback);","};","","Image.prototype.destroy = function (callback) {","  return this.client.destroyImage(this, callback);","};"],"l":{"8":1,"11":1,"12":0,"15":1,"17":1,"18":0,"21":1,"22":0,"25":1,"26":0}},"/home/travis/build/npmtest/node-npmtest-pkgcloud/node_modules/pkgcloud/lib/pkgcloud/core/compute/server.js":{"path":"/home/travis/build/npmtest/node-npmtest-pkgcloud/node_modules/pkgcloud/lib/pkgcloud/core/compute/server.js","s":{"1":1,"2":1,"3":0,"4":1,"5":1,"6":0,"7":0,"8":0,"9":0,"10":0,"11":1,"12":0,"13":1,"14":0,"15":1,"16":0,"17":1,"18":0,"19":0,"20":1},"b":{"1":[0,0]},"f":{"1":0,"2":0,"3":0,"4":0,"5":0,"6":0,"7":0},"fnMap":{"1":{"name":"(anonymous_1)","line":12,"loc":{"start":{"line":12,"column":30},"end":{"line":12,"column":57}}},"2":{"name":"(anonymous_2)","line":18,"loc":{"start":{"line":18,"column":27},"end":{"line":18,"column":47}}},"3":{"name":"(anonymous_3)","line":20,"loc":{"start":
[...]
ld/npmtest/node-npmtest-pkgcloud/node_modules/pkgcloud/lib/pkgcloud/hp/network/index.js","s":{"1":1,"2":1,"3":1,"4":1,"5":1,"6":1,"7":1,"8":0},"b":{},"f":{"1":0},"fnMap":{"1":{"name":"(anonymous_1)","line":15,"loc":{"start":{"line":15,"column":23},"end":{"line":15,"column":42}}}},"statementMap":{"1":{"start":{"line":8,"column":0},"end":{"line":8,"column":44}},"2":{"start":{"line":9,"column":0},"end":{"line":9,"column":69}},"3":{"start":{"line":10,"column":0},"end":{"line":10,"column":66}},"4":{"start":{"line":11,"column":0},"end":{"line":11,"column":60}},"5":{"start":{"line":12,"column":0},"end":{"line":12,"column":87}},"6":{"start":{"line":13,"column":0},"end":{"line":13,"column":99}},"7":{"start":{"line":15,"column":0},"end":{"line":17,"column":2}},"8":{"start":{"line":16,"column":2},"end":{"line":16,"column":37}}},"branchMap":{},"code":["/*"," * index.js: Top-level include for the HP networking client."," *"," * (C) 2014 Hewlett-Packard Development Company, L.P."," *"," */","","exports.Client = require('./client').Client;","exports.Network = require('../../openstack/network/network').Network;","exports.Subnet = require('../../openstack/network/subnet').Subnet;","exports.Port = require('../../openstack/network/port').Port;","exports.SecurityGroup = require('../../openstack/network/securityGroup').SecurityGroup;","exports.SecurityGroupRule = require('../../openstack/network/securityGroupRule').SecurityGroupRule;","","exports.createClient = function (options) {","  return new exports.Client(options);","};",""],"l":{"8":1,"9":1,"10":1,"11":1,"12":1,"13":1,"15":1,"16":0}},"/home/travis/build/npmtest/node-npmtest-pkgcloud/node_modules/pkgcloud/lib/pkgcloud/hp/network/client/index.js":{"path":"/home/travis/build/npmtest/node-npmtest-pkgcloud/node_modules/pkgcloud/lib/pkgcloud/hp/network/client/index.js","s":{"1":1,"2":1,"3":0,"4":0,"5":0,"6":0,"7":0,"8":0,"9":0,"10":0,"11":1,"12":1,"13":1,"14":0,"15":0,"16":0},"b":{"1":[0,0]},"f":{"1":0,"2":0},"fnMap":{"1":{"name":"(anonymous_1)","line":14,"loc":{"start":{"line":14,"column":30},"end":{"line":14,"column":49}}},"2":{"name":"(anonymous_2)","line":46,"loc":{"start":{"line":46,"column":27},"end":{"line":46,"column":45}}}},"statementMap":{"1":{"start":{"line":8,"column":0},"end":{"line":12,"column":26}},"2":{"start":{"line":14,"column":0},"end":{"line":32,"column":2}},"3":{"start":{"line":15,"column":2},"end":{"line":15,"column":32}},"4":{"start":{"line":17,"column":2},"end":{"line":23,"column":4}},"5":{"start":{"line":25,"column":2},"end":{"line":25,"column":72}},"6":{"start":{"line":26,"column":2},"end":{"line":26,"column":71}},"7":{"start":{"line":27,"column":2},"end":{"line":27,"column":69}},"8":{"start":{"line":28,"column":2},"end":{"line":28,"column":78}},"9":{"start":{"line":29,"column":2},"end":{"line":29,"column":82}},"10":{"start":{"line":31,"column":2},"end":{"line":31,"column":31}},"11":{"start":{"line":34,"column":0},"end":{"line":34,"column":33}},"12":{"start":{"line":35,"column":0},"end":{"line":35,"column":52}},"13":{"start":{"line":46,"column":0},"end":{"line":51,"column":2}},"14":{"start":{"line":47,"column":2},"end":{"line":49,"column":3}},"15":{"start":{"line":48,"column":4},"end":{"line":48,"column":49}},"16":{"start":{"line":50,"column":2},"end":{"line":50,"column":61}}},"branchMap":{"1":{"line":47,"type":"if","locations":[{"start":{"line":47,"column":2},"end":{"line":47,"column":2}},{"start":{"line":47,"column":2},"end":{"line":47,"column":2}}]}},"code":["/*"," * client.js: Client for HP networking"," *"," * (C) 2014 Hewlett-Packard Development Company, L.P."," *"," */","","var util = require('util'),","    urlJoin = require('url-join'),","    hp = require('../../client'),","    NetworkClient = require('../../../openstack/network/networkClient').NetworkClient,","    _ = require('lodash');","","var Client = exports.Client = function (options) {","  hp.Client.call(this, options);","","  this.models = {","    Network: require('../../../openstack/network/network').Network,","    Subnet: require('../../../openstack/network/subnet').Subnet,","    Port: require('../../../openstack/network/port').Port,","    SecurityGroup: require('../../../openstack/network/securityGroup').SecurityGroup,","    SecurityGroupRule: require('../../../openstack/network/securityGroupRule').SecurityGroupRule","  };","","  _.extend(this, require('../../../openstack/network/client/networks'));","  _.extend(this, require('../../../openstack/network/client/subnets'));","  _.extend(this, require('../../../openstack/network/client/ports'));","  _.extend(this, require('../../../openstack/network/client/securityGroups'));","  _.extend(this, require('../../../openstack/network/client/securityGroupRules'));","","  this.serviceType = 'network';","};","","util.inherits(Client, hp.Client);","_.extend(Client.prototype, NetworkClient.prototype);","","/**"," * client._getUrl"," *"," * @description get the url for the current networking service"," *"," * @param options"," * @returns {exports|*}"," * @private"," */","Client.prototype._getUrl = function(options) {","  if (options.path) {","    options.path = urlJoin('v2.0', options.path);","  }","  return NetworkClient.prototype._getUrl.call(this, options);","};",""],"l":{"8":1,"14":1,"15":0,"17":0,"25":0,"26":0,"27":0,"28":0,"29":0,"31":0,"34":1,"35":1,"46":1,"47":0,"48":0,"50":0}},"/home/travis/build/npmtest/node-npmtest-pkgcloud/node_modules/pkgcloud/lib/pkgcloud/openstack/network/securityGroupRule.js":{"path":"/home/travis/build/npmtest/node-npmtest-pkgcloud/node_modules/pkgcloud/lib/pkgcloud/openstack/network/securityGroupRule.js","s":{"1":1,"2":1,"3":0,"4":1,"5":1,"6":0,"7":0,"8":0,"9":0,"10":0,"11":0,"12":0,"13":0,"14":0,"15":0,"16":1,"17":0},"b":{"1":[0,0],"2":[0,0],"3":[0,0],"4":[0,0],"5":[0,0],"6":[0,0],"7":[0,0],"8":[0,0],"9":[0,0],"10":[0,0]},"f":{"1":0,"2":0,"3":0},"fnMap":{"1":{"name":"SecurityGroupRule","line":13,"loc":{"start":{"line":13,"column":52},"end":{"line":13,"column":96}}},"2":{"name":"(anonymous_2)","line":19,"loc":{"start":{"line":19,"column":45},"end":{"line":19,"column":64}}},"3":{"name":"(anonymous_3)","line":32,"loc":{"start":{"line":32,"column":37},"end":{"line":32,"column":49}}}},"statementMap":{"1":{"start":{"line":9,"column":0},"end":{"line":11,"column":26}},"2":{"start":{"line":13,"column":0},"end":{"line":15,"column":2}},"3":{"start":{"line":14,"column":2},"end":{"line":14,"column":53}},"4":{"start":{"line":17,"column":0},"end":{"line":17,"column":57}},"5":{"start":{"line":19,"column":0},"end":{"line":30,"column":2}},"6":{"start":{"line":20,"column":2},"end":{"line":20,"column":34}},"7":{"start":{"line":21,"column":2},"end":{"line":21,"column":55}},"8":{"start":{"line":22,"column":2},"end":{"line":22,"column":48}},"9":{"start":{"line":23,"column":2},"end":{"line":23,"column":75}},"10":{"start":{"line":24,"column":2},"end":{"line":24,"column":66}},"11":{"start":{"line":25,"column":2},"end":{"line":25,"column":66}},"12":{"start":{"line":26,"column":2},"end":{"line":26,"column":52}},"13":{"start":{"line":27,"column":2},"end":{"line":27,"column":69}},"14":{"start":{"line":28,"column":2},"end":{"line":28,"column":72}},"15":{"start":{"line":29,"column":2},"end":{"line":29,"column":53}},"16":{"start":{"line":32,"column":0},"end":{"line":36,"column":2}},"17":{"start":{"line":33,"column":2},"end":{"line":35,"column":71}}},"branchMap":{"1":{"line":20,"type":"binary-expr","locations":[{"start":{"line":20,"column":12},"end":{"line":20,"column":22}},{"start":{"line":20,"column":26},"end":{"line":20,"column":33}}]},"2":{"line":21,"type":"binary-expr","locations":[{"start":{"line":21,"column":19},"end":{"line":21,"column":36}},{"start":{"line":21,"column":40},"end":{"line":21,"column":54}}]},"3":{"line":22,"type":"binary-expr","locations":[{"start":{"line":22,"column":19},"end":{"line":22,"column":36}},{"start":{"line":22,"column":40},"end":{"line":22,"column":47}}]},"4":{"line":23,"type":"binary-expr","locations":[{"start":{"line":23,"column":25},"end":{"line":23,"column":50}},{"start":{"line":23,"column":54},"end":{"line":23,"column":74}}]},"5":{"line":24,"type":"binary-expr","locations":[{"start":{"line":24,"column":22},"end":{"line":24,"column":44}},{"start":{"line":24,"column":48},"end":{"line":24,"column":65}}]},"6":{"line":25,"type":"binary-expr","locations":[{"start":{"line":25,"column":22},"end":{"line":25,"column":44}},{"start":{"line":25,"column":48},"end":{"line":25,"column":65}}]},"7":{"line":26,"type":"binary-expr","locations":[{"start":{"line":26,"column":18},"end":{"line":26,"column":34}},{"start":{"line":26,"column":38},"end":{"line":26,"column":51}}]},"8":{"line":27,"type":"binary-expr","locations":[{"start":{"line":27,"column":23},"end":{"line":27,"column":46}},{"start":{"line":27,"column":50},"end":{"line":27,"column":68}}]},"9":{"line":28,"type":"binary-expr","locations":[{"start":{"line":28,"column":24},"end":{"line":28,"column":48}},{"start":{"line":28,"column":52},"end":{"line":28,"column":71}}]},"10":{"line":29,"type":"binary-expr","locations":[{"start":{"line":29,"column":18},"end":{"line":29,"column":35}},{"start":{"line":29,"column":39},"end":{"line":29,"column":52}}]}},"code":["/*"," * network.js: Openstack Security Group Rule object."," *"," * (C) 2015 Rackspace"," *      Shaunak Kashyap"," * MIT LICENSE"," */","","var util = require('util'),","    base = require('../../core/network/securityGroupRule'),","    _ = require('lodash');","","var SecurityGroupRule = exports.SecurityGroupRule = function SecurityGroupRule(client, details) {","  base.SecurityGroupRule.call(this, client, details);","};","","util.inherits(SecurityGroupRule, base.SecurityGroupRule);","","SecurityGroupRule.prototype._setProperties = function (details) {","  this.id = details.id || this.id;","  this.direction = details.direction || this.direction;","  this.ethertype = details.ethertype || this.id;","  this.securityGroupId = details.security_group_id || this.securityGroupId;","  this.portRangeMin = details.port_range_min || this.portRangeMin;","  this.portRangeMax = details.port_range_max || this.portRangeMax;","  this.protocol = details.protocol || this.protocol;","  this.remoteGroupId = details.remote_group_id || this.remoteGroupId;","  this.remoteIpPrefix = details.remote_ip_prefix || this.remoteIpPrefix;","  this.tenantId = details.tenant_id || this.tenantId;","};","","SecurityGroupRule.prototype.toJSON = function () {","  return _.pick(this, ['id', 'direction', 'ethertype', 'securityGroupId',","                       'portRangeMin', 'portRangeMax', 'protocol',","                       'remoteGroupId', 'remoteIpPrefix', 'tenantId']);","};",""],"l":{"9":1,"13":1,"14":0,"17":1,"19":1,"20":0,"21":0,"22":0,"23":0,"24":0,"25":0,"26":0,"27":0,"28":0,"29":0,"32":1,"33":0}},"/home/travis/build/npmtest/node-npmtest-pkgcloud/node_modules/pkgcloud/lib/pkgcloud/core/network/securityGroupRule.js":{"path":"/home/travis/build/npmtest/node-npmtest-pkgcloud/node_modules/pkgcloud/lib/pkgcloud/core/network/securityGroupRule.js","s":{"1":1,"2":1,"3":0,"4":1,"5":1,"6":0,"7":1,"8":0,"9":1,"10":0},"b":{},"f":{"1":0,"2":0,"3":0,"4":0},"fnMap":{"1":{"name":"(anonymous_1)","line":12,"loc":{"start":{"line":12,"column":52},"end":{"line":12,"column":79}}},"2":{"name":"(anonymous_2)","line":18,"loc":{"start":{"line":18,"column":37},"end":{"line":18,"column":57}}},"3":{"name":"(anonymous_3)","line":22,"loc":{"start":{"line":22,"column":38},"end":{"line":22,"column":58}}},"4":{"name":"(anonymous_4)","line":26,"loc":{"start":{"line":26,"column":38},"end":{"line":26,"column":58}}}},"statementMap":{"1":{"start":{"line":9,"column":0},"end":{"line":10,"column":43}},"2":{"start":{"line":12,"column":0},"end":{"line":14,"column":2}},"3":{"start":{"line":13,"column":2},"end":{"line":13,"column":36}},"4":{"start":{"line":16,"column":0},"end":{"line":16,"column":40}},"5":{"start":{"line":18,"column":0},"end":{"line":20,"column":2}},"6":{"start":{"line":19,"column":2},"end":{"line":19,"column":54}},"7":{"start":{"line":22,"column":0},"end":{"line":24,"column":2}},"8":{"start":{"line":23,"column":2},"end":{"line":23,"column":54}},"9":{"start":{"line":26,"column":0},"end":{"line":28,"column":2}},"10":{"start":{"line":27,"column":2},"end":{"line":27,"column":58}}},"branchMap":{},"code":["/*"," * securityGroupRule.js: Base securityGroupRule from which all pkgcloud securityGroupRule inherit."," *"," * (C) 2015 Rackspace"," *      Shaunak Kashyap"," * MIT LICENSE"," */","","var util = require('util'),","    Model = require('../base/model').Model;","","var SecurityGroupRule = exports.SecurityGroupRule = function (client, details) {","  Model.call(this, client, details);","};","","util.inherits(SecurityGroupRule, Model);","","SecurityGroupRule.prototype.create = function (callback) {","  this.client.createSecurityGroupRule(this, callback);","};","","SecurityGroupRule.prototype.refresh = function (callback) {","  this.client.getSecurityGroupRule(this.id, callback);","};","","SecurityGroupRule.prototype.destroy = function (callback) {","  this.client.destroySecurityGroupRule(this.id, callback);","};",""],"l":{"9":1,"12":1,"13":0,"16":1,"18":1,"19":0,"22":1,"23":0,"26":1,"27":0}},"/home/travis/build/npmtest/node-npmtest-pkgcloud/node_modules/pkgcloud/lib/pkgcloud/hp/database/index.js":{"path":"/home/travis/build/npmtest/node-npmtest-pkgcloud/node_modules/pkgcloud/lib/pkgcloud/hp/database/index.js","s":{"1":1,"2":1,"3":1,"4":1,"5":1,"6":1,"7":0},"b":{},"f":{"1":0},"fnMap":{"1":{"name":"createClient","line":14,"loc":{"start":{"line":14,"column":23},"end":{"line":14,"column":54}}}},"statementMap":{"1":{"start":{"line":8,"column":0},"end":{"line":8,"column":47}},"2":{"start":{"line":9,"column":0},"end":{"line":9,"column":70}},"3":{"start":{"line":10,"column":0},"end":{"line":10,"column":74}},"4":{"start":{"line":11,"column":0},"end":{"line":11,"column":74}},"5":{"start":{"line":12,"column":0},"end":{"line":12,"column":66}},"6":{"start":{"line":14,"column":0},"end":{"line":16,"column":2}},"7":{"start":{"line":15,"column":2},"end":{"line":15,"column":37}}},"branchMap":{},"code":["/*"," * index.js: Top-level include for the HP database module"," *"," * (C) 2014 Hewlett-Packard Development Company, L.P."," *"," */","","exports.Client    = require('./client').Client;","exports.Flavor    = require('../../openstack/database/flavor').Flavor;","exports.Instance  = require('../../openstack/database/instance').Instance;","exports.Database  = require('../../openstack/database/database').Database;","exports.User      = require('../../openstack/database/user').User;","","exports.createClient = function createClient(options) {","  return new exports.Client(options);","};",""],"l":{"8":1,"9":1,"10":1,"11":1,"12":1,"14":1,"15":0}},"/home/travis/build/npmtest/node-npmtest-pkgcloud/node_modules/pkgcloud/lib/pkgcloud/hp/database/client/index.js":{"path":"/home/travis/build/npmtest/node-npmtest-pkgcloud/node_modules/pkgcloud/lib/pkgcloud/hp/database/client/index.js","s":{"1":1,"2":1,"3":0,"4":0,"5":0,"6":0,"7":0,"8":0,"9":0,"10":1,"11":1,"12":0,"13":0,"14":1,"15":0,"16":0,"17":0,"18":0,"19":0,"20":0,"21":0,"22":0},"b":{"1":[0,0],"2":[0,0],"3":[0,0],"4":[0,0],"5":[0,0]},"f":{"1":0,"2":0,"3":0,"4":0,"5":0},"fnMap":{"1":{"name":"(anonymous_1)","line":14,"loc":{"start":{"line":14,"column":30},"end":{"line":14,"column":49}}},"2":{"name":"(anonymous_2)","line":29,"loc":{"start":{"line":29,"column":27},"end":{"line":29,"column":46}}},"3":{"name":"getVersion","line":43,"loc":{"start":{"line":43,"column":30},"end":{"line":43,"column":60}}},"4":{"name":"(anonymous_4)","line":46,"loc":{"start":{"line":46,"column":12},"end":{"line":46,"column":27}}},"5":{"name":"(anonymous_5)","line":53,"loc":{"start":{"line":53,"column":7},"end":{"line":53,"column":28}}}},"statementMap":{"1":{"start":{"line":8,"column":0},"end":{"line":12,"column":34}},"2":{"start":{"line":14,"column":0},"end":{"line":25,"column":2}},"3":{"start":{"line":15,"column":2},"end":{"line":15,"column":32}},"4":{"start":{"line":17,"column":2},"end":{"line":17,"column":35}},"5":{"start":{"line":19,"column":2},"end":{"line":19,"column":72}},"6":{"start":{"line":20,"column":2},"end":{"line":20,"column":74}},"7":{"start":{"line":21,"column":2},"end":{"line":21,"column":74}},"8":{"start":{"line":22,"column":2},"end":{"line":22,"column":70}},"9":{"start":{"line":24,"column":2},"end":{"line":24,"column":32}},"10":{"start":{"line":27,"column":0},"end":{"line":27,"column":33}},"11":{"start":{"line":29,"column":0},"end":{"line":37,"column":2}},"12":{"start":{"line":30,"column":2},"end":{"line":30,"column":26}},"13":{"start":{"line":32,"column":2},"end":{"line":35,"column":22}},"14":{"start":{"line":43,"column":0},"end":{"line":61,"column":2}},"15":{"start":{"line":44,"column":2},"end":{"line":44,"column":18}},"16":{"start":{"line":46,"column":2},"end":{"line":60,"column":5}},"17":{"start":{"line":47,"column":4},"end":{"line":49,"column":5}},"18":{"start":{"line":48,"column":6},"end":{"line":48,"column":27}},"19":{"start":{"line":51,"column":4},"end":{"line":59,"column":7}},"20":{"start":{"line":54,"column":6},"end":{"line":56,"column":7}},"21":{"start":{"line":55,"column":8},"end":{"line":55,"column":29}},"22":{"start":{"line":57,"column":6},"end":{"line":58,"column":82}}},"branchMap":{"1":{"line":30,"type":"binary-expr","locations":[{"start":{"line":30,"column":12},"end":{"line":30,"column":19}},{"start":{"line":30,"column":23},"end":{"line":30,"column":25}}]},"2":{"line":33,"type":"cond-expr","locations":[{"start":{"line":34,"column":8},"end":{"line":34,"column":15}},{"start":{"line":35,"column":8},"end":{"line":35,"column":20}}]},"3":{"line":47,"type":"if","locations":[{"start":{"line":47,"column":4},"end":{"line":47,"column":4}},{"start":{"line":47,"column":4},"end":{"line":47,"column":4}}]},"4":{"line":54,"type":"if","locations":[{"start":{"line":54,"column":6},"end":{"line":54,"column":6}},{"start":{"line":54,"column":6},"end":{"line":54,"column":6}}]},"5":{"line":58,"type":"cond-expr","locations":[{"start":{"line":58,"column":38},"end":{"line":58,"column":51}},{"start":{"line":58,"column":54},"end":{"line":58,"column":79}}]}},"code":["/*"," * client.js: Database client for HP Trove Databases"," *"," * (C) 2014 Hewlett-Packard Development Company, L.P."," *"," */","","var util      = require('util'),","    urlJoin   = require('url-join'),","    hp = require('../../client'),","    auth      = require('../../../common/auth.js'),","    _         = require('lodash');","","var Client = exports.Client = function (options) {","  hp.Client.call(this, options);","","  this.before.push(auth.accountId);","","  _.extend(this, require('../../../openstack/database/client/flavors'));","  _.extend(this, require('../../../openstack/database/client/instances'));","  _.extend(this, require('../../../openstack/database/client/databases'));","  _.extend(this, require('../../../openstack/database/client/users'));","","  this.serviceType = 'database';","};","","util.inherits(Client, hp.Client);","","Client.prototype._getUrl = function (options) {","  options = options || {};","","  return urlJoin(this._serviceUrl,","    typeof options === 'string'","      ? options","      : options.path);","","};","","//","// Gets the version of the OpenStack Compute API we are running against","// Parameters: callback","//","Client.prototype.getVersion = function getVersion(callback) {","  var self = this;","","  this.auth(function (err) {","    if (err) {","      return callback(err);","    }","","    self._request({","      uri: self._getUrl('/').replace('/v1.0/' + self._identity.token.tenant.id + '/', '')","    }, function (err, body) {","      if (err) {","        return callback(err);","      }","      return callback(null,","        ((typeof body === 'object') ? body.versions : JSON.parse(body).versions));","    });","  });","};",""],"l":{"8":1,"14":1,"15":0,"17":0,"19":0,"20":0,"21":0,"22":0,"24":0,"27":1,"29":1,"30":0,"32":0,"43":1,"44":0,"46":0,"47":0,"48":0,"51":0,"54":0,"55":0,"57":0}}}